Log file open, 01/15/23 14:10:48
LogWindows: Failed to load 'aqProf.dll' (GetLastError=126)
LogWindows: File 'aqProf.dll' does not exist
LogWindows: Failed to load 'VtuneApi.dll' (GetLastError=126)
LogWindows: File 'VtuneApi.dll' does not exist
LogWindows: Failed to load 'VtuneApi32e.dll' (GetLastError=126)
LogWindows: File 'VtuneApi32e.dll' does not exist
LogConsoleResponse: Display: Failed to find resolution value strings in scalability ini. Falling back to default.
LogConsoleResponse: Display: Failed to find resolution value strings in scalability ini. Falling back to default.
LogInit: Display: Running engine for game: RPGDungeon
LogPlatformFile: Not using cached read wrapper
LogTaskGraph: Started task graph with 5 named threads and 35 total threads with 3 sets of task threads.
LogStats: Stats thread started at 0.244532
LogICUInternationalization: ICU TimeZone Detection - Raw Offset: +1:00, Platform Override: ''
LogInit: Display: Loading text-based GConfig....
LogPluginManager: Mounting plugin MeshPainting
LogPluginManager: Mounting plugin XGEController
LogPluginManager: Mounting plugin AISupport
LogPluginManager: Mounting plugin EnvironmentQueryEditor
LogPluginManager: Mounting plugin Paper2D
LogPluginManager: Mounting plugin LightPropagationVolume
LogPluginManager: Mounting plugin CameraShakePreviewer
LogPluginManager: Mounting plugin AnimationSharing
LogPluginManager: Mounting plugin GameplayCameras
LogPluginManager: Mounting plugin LiveLink
LogPluginManager: Mounting plugin OodleData
LogPluginManager: Mounting plugin CodeLiteSourceCodeAccess
LogPluginManager: Mounting plugin CLionSourceCodeAccess
LogPluginManager: Mounting plugin PerforceSourceControl
LogPluginManager: Mounting plugin GitSourceControl
LogPluginManager: Mounting plugin NullSourceCodeAccess
LogPluginManager: Mounting plugin KDevelopSourceCodeAccess
LogPluginManager: Mounting plugin PixWinPlugin
LogPluginManager: Mounting plugin PluginUtils
LogPluginManager: Mounting plugin PropertyAccessNode
LogPluginManager: Mounting plugin PlasticSourceControl
LogPluginManager: Mounting plugin RiderSourceCodeAccess
LogPluginManager: Mounting plugin SubversionSourceControl
LogPluginManager: Mounting plugin UObjectPlugin
LogPluginManager: Mounting plugin TextureFormatOodle
LogPluginManager: Mounting plugin VisualStudioSourceCodeAccess
LogPluginManager: Mounting plugin XCodeSourceCodeAccess
LogPluginManager: Mounting plugin VisualStudioCodeSourceCodeAccess
LogPluginManager: Mounting plugin AlembicImporter
LogPluginManager: Mounting plugin Niagara
LogPluginManager: Mounting plugin BackChannel
LogPluginManager: Mounting plugin AutomationUtils
LogPluginManager: Mounting plugin ChaosCloth
LogPluginManager: Mounting plugin ChaosClothEditor
LogPluginManager: Mounting plugin ChaosEditor
LogPluginManager: Mounting plugin ChaosSolverPlugin
LogPluginManager: Mounting plugin ChaosNiagara
LogPluginManager: Mounting plugin CharacterAI
LogPluginManager: Mounting plugin LuminPlatformFeatures
LogPluginManager: Mounting plugin MagicLeapLightEstimation
LogPluginManager: Mounting plugin MagicLeap
LogPluginManager: Mounting plugin MagicLeapMedia
LogPluginManager: Mounting plugin MagicLeapPassableWorld
LogPluginManager: Mounting plugin MLSDK
LogPluginManager: Mounting plugin DatasmithContent
LogPluginManager: Mounting plugin AssetManagerEditor
LogPluginManager: Mounting plugin GeometryCache
LogPluginManager: Mounting plugin VariantManagerContent
LogPluginManager: Mounting plugin GeometryCollectionPlugin
LogPluginManager: Mounting plugin GeometryProcessing
LogPluginManager: Mounting plugin MotoSynth
LogPluginManager: Mounting plugin OpenImageDenoise
LogPluginManager: Mounting plugin CryptoKeys
LogPluginManager: Mounting plugin CurveEditorTools
LogPluginManager: Mounting plugin FacialAnimation
LogPluginManager: Mounting plugin DataValidation
LogPluginManager: Mounting plugin PlanarCut
LogPluginManager: Mounting plugin PlatformCrypto
LogPluginManager: Mounting plugin ProxyLODPlugin
LogPluginManager: Mounting plugin GameplayTagsEditor
LogPluginManager: Mounting plugin GeometryMode
LogPluginManager: Mounting plugin MacGraphicsSwitching
LogPluginManager: Mounting plugin PythonScriptPlugin
LogPluginManager: Mounting plugin MaterialAnalyzer
LogPluginManager: Mounting plugin MobileLauncherProfileWizard
LogPluginManager: Mounting plugin SpeedTreeImporter
LogPluginManager: Mounting plugin PluginBrowser
LogPluginManager: Mounting plugin SkeletalReduction
LogPluginManager: Mounting plugin ActorSequence
LogPluginManager: Mounting plugin LevelSequenceEditor
LogPluginManager: Mounting plugin MatineeToLevelSequence
LogPluginManager: Mounting plugin TemplateSequence
LogPluginManager: Mounting plugin TcpMessaging
LogPluginManager: Mounting plugin UdpMessaging
LogPluginManager: Mounting plugin AndroidMedia
LogPluginManager: Mounting plugin AvfMedia
LogPluginManager: Mounting plugin ImgMedia
LogPluginManager: Mounting plugin MediaCompositing
LogPluginManager: Mounting plugin MediaPlayerEditor
LogPluginManager: Mounting plugin WebMMedia
LogPluginManager: Mounting plugin WmfMedia
LogPluginManager: Mounting plugin OnlineSubsystem
LogPluginManager: Mounting plugin OnlineSubsystemNull
LogPluginManager: Mounting plugin OnlineSubsystemUtils
LogPluginManager: Mounting plugin LauncherChunkInstaller
LogPluginManager: Mounting plugin ScreenshotTools
LogPluginManager: Mounting plugin ActorLayerUtilities
LogPluginManager: Mounting plugin AndroidDeviceProfileSelector
LogPluginManager: Mounting plugin AndroidPermission
LogPluginManager: Mounting plugin AndroidMoviePlayer
LogPluginManager: Mounting plugin AppleImageUtils
LogPluginManager: Mounting plugin AppleMoviePlayer
LogPluginManager: Mounting plugin ArchVisCharacter
LogPluginManager: Mounting plugin AudioCapture
LogPluginManager: Mounting plugin AssetTags
LogPluginManager: Mounting plugin AudioSynesthesia
LogPluginManager: Mounting plugin CableComponent
LogPluginManager: Mounting plugin ChunkDownloader
LogPluginManager: Mounting plugin CustomMeshComponent
LogPluginManager: Mounting plugin EditableMesh
LogPluginManager: Mounting plugin ExampleDeviceProfileSelector
LogPluginManager: Mounting plugin Takes
LogPluginManager: Mounting plugin GooglePAD
LogPluginManager: Mounting plugin GoogleCloudMessaging
LogPluginManager: Mounting plugin IOSDeviceProfileSelector
LogPluginManager: Mounting plugin LinuxDeviceProfileSelector
LogPluginManager: Mounting plugin LocationServicesBPLibrary
LogPluginManager: Mounting plugin MobilePatchingUtils
LogPluginManager: Mounting plugin OpenXR
LogPluginManager: Mounting plugin OpenXREyeTracker
LogPluginManager: Mounting plugin OpenXRHandTracking
LogPluginManager: Mounting plugin PhysXVehicles
LogPluginManager: Mounting plugin PostSplashScreen
LogPluginManager: Mounting plugin ProceduralMeshComponent
LogPluginManager: Mounting plugin PropertyAccessEditor
LogPluginManager: Mounting plugin SignificanceManager
LogPluginManager: Mounting plugin RuntimePhysXCooking
LogPluginManager: Mounting plugin SoundFields
LogPluginManager: Mounting plugin Synthesis
LogPluginManager: Mounting plugin WebMMoviePlayer
LogPluginManager: Mounting plugin OodleNetwork
LogPluginManager: Mounting plugin WindowsMoviePlayer
LogPluginManager: Mounting plugin ContentBrowserAssetDataSource
LogPluginManager: Mounting plugin ContentBrowserClassDataSource
LogPluginManager: Mounting plugin ContentBrowserFileDataSource
LogPluginManager: Mounting plugin OnlineSubsystemIOS
LogPluginManager: Mounting plugin OnlineSubsystemGooglePlay
LogPluginManager: Mounting plugin OculusVR
LogPluginManager: Mounting plugin SteamVR
PixWinPlugin: PIX capture plugin failed to initialize! Check that the process is launched from PIX.
LogLuminAPIImpl: Warning: MLSDK not found.  This likely means the MLSDK environment variable is not set.
LogInit: Using libcurl 7.55.1-DEV
LogInit:  - built for x86_64-pc-win32
LogInit:  - supports SSL with OpenSSL/1.1.1
LogInit:  - supports HTTP deflate (compression) using libz 1.2.8
LogInit:  - other features:
LogInit:      CURL_VERSION_SSL
LogInit:      CURL_VERSION_LIBZ
LogInit:      CURL_VERSION_IPV6
LogInit:      CURL_VERSION_ASYNCHDNS
LogInit:      CURL_VERSION_LARGEFILE
LogInit:      CURL_VERSION_IDN
LogInit:  CurlRequestOptions (configurable via config and command line):
LogInit:  - bVerifyPeer = true  - Libcurl will verify peer certificate
LogInit:  - bUseHttpProxy = false  - Libcurl will NOT use HTTP proxy
LogInit:  - bDontReuseConnections = false  - Libcurl will reuse connections
LogInit:  - MaxHostConnections = 16  - Libcurl will limit the number of connections to a host
LogInit:  - LocalHostAddr = Default
LogInit:  - BufferSize = 65536
LogOnline: OSS: Creating online subsystem instance for: NULL
LogInit: WinSock: version 1.1 (2.2), MaxSocks=32767, MaxUdp=65467
LogOnline: OSS: TryLoadSubsystemAndSetDefault: Loaded subsystem for module [NULL]
LogOculusPluginWrapper: OculusPlugin initialized successfully
LogHMD: Failed initializing OVRPlugin 1.59.0
LogInit: Build: ++UE4+Release-4.27-CL-18319896
LogInit: Engine Version: 4.27.2-18319896+++UE4+Release-4.27
LogInit: Compatible Engine Version: 4.27.0-17155196+++UE4+Release-4.27
LogInit: Net CL: 17155196
LogInit: OS: Windows 10 (Release 2009) (), CPU: AMD Ryzen 5 4600H with Radeon Graphics         , GPU: AMD Radeon(TM) Graphics
LogInit: Compiled (64-bit): Nov 30 2021 07:12:08
LogInit: Compiled with Visual C++: 19.24.28315.00
LogInit: Build Configuration: Development
LogInit: Branch Name: ++UE4+Release-4.27
LogInit: Command Line: 
LogInit: Base Directory: C:/Program Files/Epic Games/UE_4.27/Engine/Binaries/Win64/
LogInit: Allocator: TBB
LogInit: Installed Engine Build: 1
LogDevObjectVersion: Number of dev versions registered: 29
LogDevObjectVersion:   Dev-Blueprints (B0D832E4-1F89-4F0D-ACCF-7EB736FD4AA2): 10
LogDevObjectVersion:   Dev-Build (E1C64328-A22C-4D53-A36C-8E866417BD8C): 0
LogDevObjectVersion:   Dev-Core (375EC13C-06E4-48FB-B500-84F0262A717E): 4
LogDevObjectVersion:   Dev-Editor (E4B068ED-F494-42E9-A231-DA0B2E46BB41): 40
LogDevObjectVersion:   Dev-Framework (CFFC743F-43B0-4480-9391-14DF171D2073): 37
LogDevObjectVersion:   Dev-Mobile (B02B49B5-BB20-44E9-A304-32B752E40360): 3
LogDevObjectVersion:   Dev-Networking (A4E4105C-59A1-49B5-A7C5-40C4547EDFEE): 0
LogDevObjectVersion:   Dev-Online (39C831C9-5AE6-47DC-9A44-9C173E1C8E7C): 0
LogDevObjectVersion:   Dev-Physics (78F01B33-EBEA-4F98-B9B4-84EACCB95AA2): 14
LogDevObjectVersion:   Dev-Platform (6631380F-2D4D-43E0-8009-CF276956A95A): 0
LogDevObjectVersion:   Dev-Rendering (12F88B9F-8875-4AFC-A67C-D90C383ABD29): 45
LogDevObjectVersion:   Dev-Sequencer (7B5AE74C-D270-4C10-A958-57980B212A5A): 13
LogDevObjectVersion:   Dev-VR (D7296918-1DD6-4BDD-9DE2-64A83CC13884): 3
LogDevObjectVersion:   Dev-LoadTimes (C2A15278-BFE7-4AFE-6C17-90FF531DF755): 1
LogDevObjectVersion:   Private-Geometry (6EACA3D4-40EC-4CC1-B786-8BED09428FC5): 3
LogDevObjectVersion:   Dev-AnimPhys (29E575DD-E0A3-4627-9D10-D276232CDCEA): 17
LogDevObjectVersion:   Dev-Anim (AF43A65D-7FD3-4947-9873-3E8ED9C1BB05): 15
LogDevObjectVersion:   Dev-ReflectionCapture (6B266CEC-1EC7-4B8F-A30B-E4D90942FC07): 1
LogDevObjectVersion:   Dev-Automation (0DF73D61-A23F-47EA-B727-89E90C41499A): 1
LogDevObjectVersion:   FortniteMain (601D1886-AC64-4F84-AA16-D3DE0DEAC7D6): 47
LogDevObjectVersion:   FortniteRelease (E7086368-6B23-4C58-8439-1B7016265E91): 1
LogDevObjectVersion:   Dev-Enterprise (9DFFBCD6-494F-0158-E221-12823C92A888): 10
LogDevObjectVersion:   Dev-Niagara (F2AED0AC-9AFE-416F-8664-AA7FFA26D6FC): 1
LogDevObjectVersion:   Dev-Destruction (174F1F0B-B4C6-45A5-B13F-2EE8D0FB917D): 10
LogDevObjectVersion:   Dev-Physics-Ext (35F94A83-E258-406C-A318-09F59610247C): 41
LogDevObjectVersion:   Dev-PhysicsMaterial-Chaos (B68FC16E-8B1B-42E2-B453-215C058844FE): 1
LogDevObjectVersion:   Dev-CineCamera (B2E18506-4273-CFC2-A54E-F4BB758BBA07): 1
LogDevObjectVersion:   Dev-VirtualProduction (64F58936-FD1B-42BA-BA96-7289D5D0FA4E): 1
LogDevObjectVersion:   Dev-MediaFramework (6F0ED827-A609-4895-9C91-998D90180EA4): 2
LogInit: Presizing for max 25165824 objects, including 0 objects not considered by GC, pre-allocating 0 bytes for permanent pool.
LogConfig: Applying CVar settings from Section [/Script/Engine.StreamingSettings] File [C:/Users/djeuj/OneDrive/Documents/GitHub/RPGDungeon/RPGDungeon/Saved/Config/Windows/Engine.ini]
LogConfig: Setting CVar [[s.MinBulkDataSizeForAsyncLoading:131072]]
LogConfig: Setting CVar [[s.AsyncLoadingThreadEnabled:0]]
LogConfig: Setting CVar [[s.EventDrivenLoaderEnabled:1]]
LogConfig: Setting CVar [[s.WarnIfTimeLimitExceeded:0]]
LogConfig: Setting CVar [[s.TimeLimitExceededMultiplier:1.5]]
LogConfig: Setting CVar [[s.TimeLimitExceededMinTime:0.005]]
LogConfig: Setting CVar [[s.UseBackgroundLevelStreaming:1]]
LogConfig: Setting CVar [[s.PriorityAsyncLoadingExtraTime:15.0]]
LogConfig: Setting CVar [[s.LevelStreamingActorsUpdateTimeLimit:5.0]]
LogConfig: Setting CVar [[s.PriorityLevelStreamingActorsUpdateExtraTime:5.0]]
LogConfig: Setting CVar [[s.LevelStreamingComponentsRegistrationGranularity:10]]
LogConfig: Setting CVar [[s.UnregisterComponentsTimeLimit:1.0]]
LogConfig: Setting CVar [[s.LevelStreamingComponentsUnregistrationGranularity:5]]
LogConfig: Setting CVar [[s.FlushStreamingOnExit:1]]
LogInit: Object subsystem initialized
LogConfig: Setting CVar [[con.DebugEarlyDefault:1]]
LogConfig: Setting CVar [[r.setres:1280x720]]
[2023.01.15-13.10.49:565][  0]LogConfig: Setting CVar [[r.VSync:0]]
[2023.01.15-13.10.49:565][  0]LogConfig: Setting CVar [[r.RHICmdBypass:0]]
[2023.01.15-13.10.49:566][  0]LogConfig: Applying CVar settings from Section [/Script/Engine.RendererSettings] File [C:/Users/djeuj/OneDrive/Documents/GitHub/RPGDungeon/RPGDungeon/Saved/Config/Windows/Engine.ini]
[2023.01.15-13.10.49:566][  0]LogConfig: Setting CVar [[r.GPUCrashDebugging:0]]
[2023.01.15-13.10.49:566][  0]LogConfig: Applying CVar settings from Section [/Script/Engine.RendererOverrideSettings] File [C:/Users/djeuj/OneDrive/Documents/GitHub/RPGDungeon/RPGDungeon/Saved/Config/Windows/Engine.ini]
[2023.01.15-13.10.49:566][  0]LogConfig: Applying CVar settings from Section [/Script/Engine.StreamingSettings] File [C:/Users/djeuj/OneDrive/Documents/GitHub/RPGDungeon/RPGDungeon/Saved/Config/Windows/Engine.ini]
[2023.01.15-13.10.49:566][  0]LogConfig: Setting CVar [[s.MinBulkDataSizeForAsyncLoading:131072]]
[2023.01.15-13.10.49:566][  0]LogConfig: Setting CVar [[s.AsyncLoadingThreadEnabled:0]]
[2023.01.15-13.10.49:566][  0]LogConfig: Setting CVar [[s.EventDrivenLoaderEnabled:1]]
[2023.01.15-13.10.49:566][  0]LogConfig: Setting CVar [[s.WarnIfTimeLimitExceeded:0]]
[2023.01.15-13.10.49:566][  0]LogConfig: Setting CVar [[s.TimeLimitExceededMultiplier:1.5]]
[2023.01.15-13.10.49:566][  0]LogConfig: Setting CVar [[s.TimeLimitExceededMinTime:0.005]]
[2023.01.15-13.10.49:566][  0]LogConfig: Setting CVar [[s.UseBackgroundLevelStreaming:1]]
[2023.01.15-13.10.49:566][  0]LogConfig: Setting CVar [[s.PriorityAsyncLoadingExtraTime:15.0]]
[2023.01.15-13.10.49:566][  0]LogConfig: Setting CVar [[s.LevelStreamingActorsUpdateTimeLimit:5.0]]
[2023.01.15-13.10.49:566][  0]LogConfig: Setting CVar [[s.PriorityLevelStreamingActorsUpdateExtraTime:5.0]]
[2023.01.15-13.10.49:566][  0]LogConfig: Setting CVar [[s.LevelStreamingComponentsRegistrationGranularity:10]]
[2023.01.15-13.10.49:566][  0]LogConfig: Setting CVar [[s.UnregisterComponentsTimeLimit:1.0]]
[2023.01.15-13.10.49:566][  0]LogConfig: Setting CVar [[s.LevelStreamingComponentsUnregistrationGranularity:5]]
[2023.01.15-13.10.49:566][  0]LogConfig: Setting CVar [[s.FlushStreamingOnExit:1]]
[2023.01.15-13.10.49:566][  0]LogConfig: Applying CVar settings from Section [/Script/Engine.GarbageCollectionSettings] File [C:/Users/djeuj/OneDrive/Documents/GitHub/RPGDungeon/RPGDungeon/Saved/Config/Windows/Engine.ini]
[2023.01.15-13.10.49:566][  0]LogConfig: Setting CVar [[gc.MaxObjectsNotConsideredByGC:1]]
[2023.01.15-13.10.49:566][  0]LogConfig: Setting CVar [[gc.SizeOfPermanentObjectPool:0]]
[2023.01.15-13.10.49:566][  0]LogConfig: Setting CVar [[gc.FlushStreamingOnGC:0]]
[2023.01.15-13.10.49:566][  0]LogConfig: Setting CVar [[gc.NumRetriesBeforeForcingGC:10]]
[2023.01.15-13.10.49:566][  0]LogConfig: Setting CVar [[gc.AllowParallelGC:1]]
[2023.01.15-13.10.49:566][  0]LogConfig: Setting CVar [[gc.TimeBetweenPurgingPendingKillObjects:61.1]]
[2023.01.15-13.10.49:566][  0]LogConfig: Setting CVar [[gc.MaxObjectsInEditor:25165824]]
[2023.01.15-13.10.49:566][  0]LogConfig: Setting CVar [[gc.IncrementalBeginDestroyEnabled:1]]
[2023.01.15-13.10.49:566][  0]LogConfig: Setting CVar [[gc.CreateGCClusters:1]]
[2023.01.15-13.10.49:566][  0]LogConfig: Setting CVar [[gc.MinGCClusterSize:5]]
[2023.01.15-13.10.49:566][  0]LogConfig: Setting CVar [[gc.ActorClusteringEnabled:0]]
[2023.01.15-13.10.49:566][  0]LogConfig: Setting CVar [[gc.BlueprintClusteringEnabled:0]]
[2023.01.15-13.10.49:566][  0]LogConfig: Setting CVar [[gc.UseDisregardForGCOnDedicatedServers:0]]
[2023.01.15-13.10.49:566][  0]LogConfig: Setting CVar [[gc.MultithreadedDestructionEnabled:1]]
[2023.01.15-13.10.49:566][  0]LogConfig: Applying CVar settings from Section [/Script/Engine.NetworkSettings] File [C:/Users/djeuj/OneDrive/Documents/GitHub/RPGDungeon/RPGDungeon/Saved/Config/Windows/Engine.ini]
[2023.01.15-13.10.49:566][  0]LogConfig: Applying CVar settings from Section [/Script/UnrealEd.CookerSettings] File [C:/Users/djeuj/OneDrive/Documents/GitHub/RPGDungeon/RPGDungeon/Saved/Config/Windows/Engine.ini]
[2023.01.15-13.10.49:570][  0]LogConfig: Applying CVar settings from Section [ViewDistanceQuality@3] File [C:/Users/djeuj/OneDrive/Documents/GitHub/RPGDungeon/RPGDungeon/Saved/Config/Windows/Scalability.ini]
[2023.01.15-13.10.49:570][  0]LogConfig: Setting CVar [[r.SkeletalMeshLODBias:0]]
[2023.01.15-13.10.49:570][  0]LogConfig: Setting CVar [[r.ViewDistanceScale:1.0]]
[2023.01.15-13.10.49:570][  0]LogConfig: Applying CVar settings from Section [AntiAliasingQuality@3] File [C:/Users/djeuj/OneDrive/Documents/GitHub/RPGDungeon/RPGDungeon/Saved/Config/Windows/Scalability.ini]
[2023.01.15-13.10.49:570][  0]LogConfig: Setting CVar [[r.PostProcessAAQuality:4]]
[2023.01.15-13.10.49:570][  0]LogConfig: Applying CVar settings from Section [ShadowQuality@3] File [C:/Users/djeuj/OneDrive/Documents/GitHub/RPGDungeon/RPGDungeon/Saved/Config/Windows/Scalability.ini]
[2023.01.15-13.10.49:570][  0]LogConfig: Setting CVar [[r.LightFunctionQuality:1]]
[2023.01.15-13.10.49:570][  0]LogConfig: Setting CVar [[r.ShadowQuality:5]]
[2023.01.15-13.10.49:570][  0]LogConfig: Setting CVar [[r.Shadow.CSM.MaxCascades:10]]
[2023.01.15-13.10.49:570][  0]LogConfig: Setting CVar [[r.Shadow.MaxResolution:2048]]
[2023.01.15-13.10.49:570][  0]LogConfig: Setting CVar [[r.Shadow.MaxCSMResolution:2048]]
[2023.01.15-13.10.49:570][  0]LogConfig: Setting CVar [[r.Shadow.RadiusThreshold:0.01]]
[2023.01.15-13.10.49:570][  0]LogConfig: Setting CVar [[r.Shadow.DistanceScale:1.0]]
[2023.01.15-13.10.49:570][  0]LogConfig: Setting CVar [[r.Shadow.CSM.TransitionScale:1.0]]
[2023.01.15-13.10.49:570][  0]LogConfig: Setting CVar [[r.Shadow.PreShadowResolutionFactor:1.0]]
[2023.01.15-13.10.49:571][  0]LogConfig: Setting CVar [[r.DistanceFieldShadowing:1]]
[2023.01.15-13.10.49:571][  0]LogConfig: Setting CVar [[r.DistanceFieldAO:1]]
[2023.01.15-13.10.49:571][  0]LogConfig: Setting CVar [[r.AOQuality:2]]
[2023.01.15-13.10.49:571][  0]LogConfig: Setting CVar [[r.VolumetricFog:1]]
[2023.01.15-13.10.49:571][  0]LogConfig: Setting CVar [[r.VolumetricFog.GridPixelSize:8]]
[2023.01.15-13.10.49:571][  0]LogConfig: Setting CVar [[r.VolumetricFog.GridSizeZ:128]]
[2023.01.15-13.10.49:571][  0]LogConfig: Setting CVar [[r.VolumetricFog.HistoryMissSupersampleCount:4]]
[2023.01.15-13.10.49:571][  0]LogConfig: Setting CVar [[r.LightMaxDrawDistanceScale:1]]
[2023.01.15-13.10.49:571][  0]LogConfig: Setting CVar [[r.CapsuleShadows:1]]
[2023.01.15-13.10.49:571][  0]LogConfig: Applying CVar settings from Section [PostProcessQuality@3] File [C:/Users/djeuj/OneDrive/Documents/GitHub/RPGDungeon/RPGDungeon/Saved/Config/Windows/Scalability.ini]
[2023.01.15-13.10.49:571][  0]LogConfig: Setting CVar [[r.MotionBlurQuality:4]]
[2023.01.15-13.10.49:571][  0]LogConfig: Setting CVar [[r.AmbientOcclusionMipLevelFactor:0.4]]
[2023.01.15-13.10.49:571][  0]LogConfig: Setting CVar [[r.AmbientOcclusionMaxQuality:100]]
[2023.01.15-13.10.49:571][  0]LogConfig: Setting CVar [[r.AmbientOcclusionLevels:-1]]
[2023.01.15-13.10.49:571][  0]LogConfig: Setting CVar [[r.AmbientOcclusionRadiusScale:1.0]]
[2023.01.15-13.10.49:571][  0]LogConfig: Setting CVar [[r.DepthOfFieldQuality:2]]
[2023.01.15-13.10.49:571][  0]LogConfig: Setting CVar [[r.RenderTargetPoolMin:400]]
[2023.01.15-13.10.49:571][  0]LogConfig: Setting CVar [[r.LensFlareQuality:2]]
[2023.01.15-13.10.49:571][  0]LogConfig: Setting CVar [[r.SceneColorFringeQuality:1]]
[2023.01.15-13.10.49:571][  0]LogConfig: Setting CVar [[r.EyeAdaptationQuality:2]]
[2023.01.15-13.10.49:571][  0]LogConfig: Setting CVar [[r.BloomQuality:5]]
[2023.01.15-13.10.49:571][  0]LogConfig: Setting CVar [[r.FastBlurThreshold:100]]
[2023.01.15-13.10.49:571][  0]LogConfig: Setting CVar [[r.Upscale.Quality:3]]
[2023.01.15-13.10.49:571][  0]LogConfig: Setting CVar [[r.Tonemapper.GrainQuantization:1]]
[2023.01.15-13.10.49:571][  0]LogConfig: Setting CVar [[r.LightShaftQuality:1]]
[2023.01.15-13.10.49:571][  0]LogConfig: Setting CVar [[r.Filter.SizeScale:1]]
[2023.01.15-13.10.49:571][  0]LogConfig: Setting CVar [[r.Tonemapper.Quality:5]]
[2023.01.15-13.10.49:571][  0]LogConfig: Setting CVar [[r.DOF.Gather.AccumulatorQuality:1        ; higher gathering accumulator quality]]
[2023.01.15-13.10.49:571][  0]LogConfig: Setting CVar [[r.DOF.Gather.PostfilterMethod:1          ; Median3x3 postfilering method]]
[2023.01.15-13.10.49:571][  0]LogConfig: Setting CVar [[r.DOF.Gather.EnableBokehSettings:0       ; no bokeh simulation when gathering]]
[2023.01.15-13.10.49:571][  0]LogConfig: Setting CVar [[r.DOF.Gather.RingCount:4                 ; medium number of samples when gathering]]
[2023.01.15-13.10.49:571][  0]LogConfig: Setting CVar [[r.DOF.Scatter.ForegroundCompositing:1    ; additive foreground scattering]]
[2023.01.15-13.10.49:571][  0]LogConfig: Setting CVar [[r.DOF.Scatter.BackgroundCompositing:2    ; additive background scattering]]
[2023.01.15-13.10.49:571][  0]LogConfig: Setting CVar [[r.DOF.Scatter.EnableBokehSettings:1      ; bokeh simulation when scattering]]
[2023.01.15-13.10.49:571][  0]LogConfig: Setting CVar [[r.DOF.Scatter.MaxSpriteRatio:0.1         ; only a maximum of 10% of scattered bokeh]]
[2023.01.15-13.10.49:571][  0]LogConfig: Setting CVar [[r.DOF.Recombine.Quality:1                ; cheap slight out of focus]]
[2023.01.15-13.10.49:571][  0]LogConfig: Setting CVar [[r.DOF.Recombine.EnableBokehSettings:0    ; no bokeh simulation on slight out of focus]]
[2023.01.15-13.10.49:571][  0]LogConfig: Setting CVar [[r.DOF.TemporalAAQuality:1                ; more stable temporal accumulation]]
[2023.01.15-13.10.49:571][  0]LogConfig: Setting CVar [[r.DOF.Kernel.MaxForegroundRadius:0.025]]
[2023.01.15-13.10.49:571][  0]LogConfig: Setting CVar [[r.DOF.Kernel.MaxBackgroundRadius:0.025]]
[2023.01.15-13.10.49:571][  0]LogConfig: Applying CVar settings from Section [TextureQuality@3] File [C:/Users/djeuj/OneDrive/Documents/GitHub/RPGDungeon/RPGDungeon/Saved/Config/Windows/Scalability.ini]
[2023.01.15-13.10.49:571][  0]LogConfig: Setting CVar [[r.Streaming.MipBias:0]]
[2023.01.15-13.10.49:571][  0]LogConfig: Setting CVar [[r.Streaming.AmortizeCPUToGPUCopy:0]]
[2023.01.15-13.10.49:571][  0]LogConfig: Setting CVar [[r.Streaming.MaxNumTexturesToStreamPerFrame:0]]
[2023.01.15-13.10.49:571][  0]LogConfig: Setting CVar [[r.Streaming.Boost:1]]
[2023.01.15-13.10.49:571][  0]LogConfig: Setting CVar [[r.MaxAnisotropy:8]]
[2023.01.15-13.10.49:571][  0]LogConfig: Setting CVar [[r.VT.MaxAnisotropy:8]]
[2023.01.15-13.10.49:571][  0]LogConfig: Setting CVar [[r.Streaming.LimitPoolSizeToVRAM:0]]
[2023.01.15-13.10.49:571][  0]LogConfig: Setting CVar [[r.Streaming.PoolSize:1000]]
[2023.01.15-13.10.49:571][  0]LogConfig: Setting CVar [[r.Streaming.MaxEffectiveScreenSize:0]]
[2023.01.15-13.10.49:571][  0]LogConfig: Applying CVar settings from Section [EffectsQuality@3] File [C:/Users/djeuj/OneDrive/Documents/GitHub/RPGDungeon/RPGDungeon/Saved/Config/Windows/Scalability.ini]
[2023.01.15-13.10.49:571][  0]LogConfig: Setting CVar [[r.TranslucencyLightingVolumeDim:64]]
[2023.01.15-13.10.49:571][  0]LogConfig: Setting CVar [[r.RefractionQuality:2]]
[2023.01.15-13.10.49:571][  0]LogConfig: Setting CVar [[r.SSR.Quality:3]]
[2023.01.15-13.10.49:571][  0]LogConfig: Setting CVar [[r.SSR.HalfResSceneColor:0]]
[2023.01.15-13.10.49:571][  0]LogConfig: Setting CVar [[r.SceneColorFormat:4]]
[2023.01.15-13.10.49:571][  0]LogConfig: Setting CVar [[r.DetailMode:2]]
[2023.01.15-13.10.49:571][  0]LogConfig: Setting CVar [[r.TranslucencyVolumeBlur:1]]
[2023.01.15-13.10.49:571][  0]LogConfig: Setting CVar [[r.MaterialQualityLevel:1 ; High quality]]
[2023.01.15-13.10.49:571][  0]LogConfig: Setting CVar [[r.AnisotropicMaterials:1]]
[2023.01.15-13.10.49:571][  0]LogConfig: Setting CVar [[r.SSS.Scale:1]]
[2023.01.15-13.10.49:571][  0]LogConfig: Setting CVar [[r.SSS.SampleSet:2]]
[2023.01.15-13.10.49:571][  0]LogConfig: Setting CVar [[r.SSS.Quality:1]]
[2023.01.15-13.10.49:571][  0]LogConfig: Setting CVar [[r.SSS.HalfRes:0]]
[2023.01.15-13.10.49:571][  0]LogConfig: Setting CVar [[r.SSGI.Quality:3]]
[2023.01.15-13.10.49:571][  0]LogConfig: Setting CVar [[r.EmitterSpawnRateScale:1.0]]
[2023.01.15-13.10.49:571][  0]LogConfig: Setting CVar [[r.ParticleLightQuality:2]]
[2023.01.15-13.10.49:571][  0]LogConfig: Setting CVar [[r.SkyAtmosphere.AerialPerspectiveLUT.FastApplyOnOpaque:1 ; Always have FastSkyLUT 1 in this case to avoid wrong sky]]
[2023.01.15-13.10.49:571][  0]LogConfig: Setting CVar [[r.SkyAtmosphere.AerialPerspectiveLUT.SampleCountMaxPerSlice:4]]
[2023.01.15-13.10.49:571][  0]LogConfig: Setting CVar [[r.SkyAtmosphere.AerialPerspectiveLUT.DepthResolution:16.0]]
[2023.01.15-13.10.49:571][  0]LogConfig: Setting CVar [[r.SkyAtmosphere.FastSkyLUT:1]]
[2023.01.15-13.10.49:571][  0]LogConfig: Setting CVar [[r.SkyAtmosphere.FastSkyLUT.SampleCountMin:4.0]]
[2023.01.15-13.10.49:571][  0]LogConfig: Setting CVar [[r.SkyAtmosphere.FastSkyLUT.SampleCountMax:128.0]]
[2023.01.15-13.10.49:571][  0]LogConfig: Setting CVar [[r.SkyAtmosphere.SampleCountMin:4.0]]
[2023.01.15-13.10.49:572][  0]LogConfig: Setting CVar [[r.SkyAtmosphere.SampleCountMax:128.0]]
[2023.01.15-13.10.49:572][  0]LogConfig: Setting CVar [[r.SkyAtmosphere.TransmittanceLUT.UseSmallFormat:0]]
[2023.01.15-13.10.49:572][  0]LogConfig: Setting CVar [[r.SkyAtmosphere.TransmittanceLUT.SampleCount:10.0]]
[2023.01.15-13.10.49:572][  0]LogConfig: Setting CVar [[r.SkyAtmosphere.MultiScatteringLUT.SampleCount:15.0]]
[2023.01.15-13.10.49:572][  0]LogConfig: Setting CVar [[r.SkyLight.RealTimeReflectionCapture:1]]
[2023.01.15-13.10.49:572][  0]LogConfig: Applying CVar settings from Section [FoliageQuality@3] File [C:/Users/djeuj/OneDrive/Documents/GitHub/RPGDungeon/RPGDungeon/Saved/Config/Windows/Scalability.ini]
[2023.01.15-13.10.49:572][  0]LogConfig: Setting CVar [[foliage.DensityScale:1.0]]
[2023.01.15-13.10.49:572][  0]LogConfig: Setting CVar [[grass.DensityScale:1.0]]
[2023.01.15-13.10.49:572][  0]LogConfig: Applying CVar settings from Section [ShadingQuality@3] File [C:/Users/djeuj/OneDrive/Documents/GitHub/RPGDungeon/RPGDungeon/Saved/Config/Windows/Scalability.ini]
[2023.01.15-13.10.49:572][  0]LogConfig: Setting CVar [[r.HairStrands.SkyLighting.IntegrationType:2]]
[2023.01.15-13.10.49:572][  0]LogConfig: Setting CVar [[r.HairStrands.SkyAO.SampleCount:4]]
[2023.01.15-13.10.49:572][  0]LogConfig: Setting CVar [[r.HairStrands.Visibility.MSAA.SamplePerPixel:4]]
[2023.01.15-13.10.49:572][  0]LogInit: Selected Device Profile: [Windows]
[2023.01.15-13.10.49:572][  0]LogInit: Applying CVar settings loaded from the selected device profile: [Windows]
[2023.01.15-13.10.49:572][  0]LogHAL: Display: Platform has ~ 16 GB [16495628288 / 17179869184 / 16], which maps to Larger [LargestMinGB=32, LargerMinGB=12, DefaultMinGB=8, SmallerMinGB=6, SmallestMinGB=0)
[2023.01.15-13.10.49:572][  0]LogInit: Going up to parent DeviceProfile []
[2023.01.15-13.10.49:572][  0]LogConfig: Applying CVar settings from Section [ViewDistanceQuality@3] File [C:/Users/djeuj/OneDrive/Documents/GitHub/RPGDungeon/RPGDungeon/Saved/Config/Windows/Scalability.ini]
[2023.01.15-13.10.49:572][  0]LogConfig: Setting CVar [[r.SkeletalMeshLODBias:0]]
[2023.01.15-13.10.49:572][  0]LogConfig: Setting CVar [[r.ViewDistanceScale:1.0]]
[2023.01.15-13.10.49:572][  0]LogConfig: Applying CVar settings from Section [AntiAliasingQuality@3] File [C:/Users/djeuj/OneDrive/Documents/GitHub/RPGDungeon/RPGDungeon/Saved/Config/Windows/Scalability.ini]
[2023.01.15-13.10.49:572][  0]LogConfig: Setting CVar [[r.PostProcessAAQuality:4]]
[2023.01.15-13.10.49:572][  0]LogConfig: Applying CVar settings from Section [ShadowQuality@3] File [C:/Users/djeuj/OneDrive/Documents/GitHub/RPGDungeon/RPGDungeon/Saved/Config/Windows/Scalability.ini]
[2023.01.15-13.10.49:572][  0]LogConfig: Setting CVar [[r.LightFunctionQuality:1]]
[2023.01.15-13.10.49:572][  0]LogConfig: Setting CVar [[r.ShadowQuality:5]]
[2023.01.15-13.10.49:572][  0]LogConfig: Setting CVar [[r.Shadow.CSM.MaxCascades:10]]
[2023.01.15-13.10.49:572][  0]LogConfig: Setting CVar [[r.Shadow.MaxResolution:2048]]
[2023.01.15-13.10.49:572][  0]LogConfig: Setting CVar [[r.Shadow.MaxCSMResolution:2048]]
[2023.01.15-13.10.49:572][  0]LogConfig: Setting CVar [[r.Shadow.RadiusThreshold:0.01]]
[2023.01.15-13.10.49:572][  0]LogConfig: Setting CVar [[r.Shadow.DistanceScale:1.0]]
[2023.01.15-13.10.49:572][  0]LogConfig: Setting CVar [[r.Shadow.CSM.TransitionScale:1.0]]
[2023.01.15-13.10.49:572][  0]LogConfig: Setting CVar [[r.Shadow.PreShadowResolutionFactor:1.0]]
[2023.01.15-13.10.49:572][  0]LogConfig: Setting CVar [[r.DistanceFieldShadowing:1]]
[2023.01.15-13.10.49:572][  0]LogConfig: Setting CVar [[r.DistanceFieldAO:1]]
[2023.01.15-13.10.49:572][  0]LogConfig: Setting CVar [[r.AOQuality:2]]
[2023.01.15-13.10.49:572][  0]LogConfig: Setting CVar [[r.VolumetricFog:1]]
[2023.01.15-13.10.49:572][  0]LogConfig: Setting CVar [[r.VolumetricFog.GridPixelSize:8]]
[2023.01.15-13.10.49:572][  0]LogConfig: Setting CVar [[r.VolumetricFog.GridSizeZ:128]]
[2023.01.15-13.10.49:572][  0]LogConfig: Setting CVar [[r.VolumetricFog.HistoryMissSupersampleCount:4]]
[2023.01.15-13.10.49:572][  0]LogConfig: Setting CVar [[r.LightMaxDrawDistanceScale:1]]
[2023.01.15-13.10.49:572][  0]LogConfig: Setting CVar [[r.CapsuleShadows:1]]
[2023.01.15-13.10.49:572][  0]LogConfig: Applying CVar settings from Section [PostProcessQuality@3] File [C:/Users/djeuj/OneDrive/Documents/GitHub/RPGDungeon/RPGDungeon/Saved/Config/Windows/Scalability.ini]
[2023.01.15-13.10.49:572][  0]LogConfig: Setting CVar [[r.MotionBlurQuality:4]]
[2023.01.15-13.10.49:572][  0]LogConfig: Setting CVar [[r.AmbientOcclusionMipLevelFactor:0.4]]
[2023.01.15-13.10.49:572][  0]LogConfig: Setting CVar [[r.AmbientOcclusionMaxQuality:100]]
[2023.01.15-13.10.49:572][  0]LogConfig: Setting CVar [[r.AmbientOcclusionLevels:-1]]
[2023.01.15-13.10.49:572][  0]LogConfig: Setting CVar [[r.AmbientOcclusionRadiusScale:1.0]]
[2023.01.15-13.10.49:572][  0]LogConfig: Setting CVar [[r.DepthOfFieldQuality:2]]
[2023.01.15-13.10.49:572][  0]LogConfig: Setting CVar [[r.RenderTargetPoolMin:400]]
[2023.01.15-13.10.49:572][  0]LogConfig: Setting CVar [[r.LensFlareQuality:2]]
[2023.01.15-13.10.49:572][  0]LogConfig: Setting CVar [[r.SceneColorFringeQuality:1]]
[2023.01.15-13.10.49:572][  0]LogConfig: Setting CVar [[r.EyeAdaptationQuality:2]]
[2023.01.15-13.10.49:572][  0]LogConfig: Setting CVar [[r.BloomQuality:5]]
[2023.01.15-13.10.49:572][  0]LogConfig: Setting CVar [[r.FastBlurThreshold:100]]
[2023.01.15-13.10.49:572][  0]LogConfig: Setting CVar [[r.Upscale.Quality:3]]
[2023.01.15-13.10.49:572][  0]LogConfig: Setting CVar [[r.Tonemapper.GrainQuantization:1]]
[2023.01.15-13.10.49:572][  0]LogConfig: Setting CVar [[r.LightShaftQuality:1]]
[2023.01.15-13.10.49:572][  0]LogConfig: Setting CVar [[r.Filter.SizeScale:1]]
[2023.01.15-13.10.49:572][  0]LogConfig: Setting CVar [[r.Tonemapper.Quality:5]]
[2023.01.15-13.10.49:572][  0]LogConfig: Setting CVar [[r.DOF.Gather.AccumulatorQuality:1        ; higher gathering accumulator quality]]
[2023.01.15-13.10.49:572][  0]LogConfig: Setting CVar [[r.DOF.Gather.PostfilterMethod:1          ; Median3x3 postfilering method]]
[2023.01.15-13.10.49:572][  0]LogConfig: Setting CVar [[r.DOF.Gather.EnableBokehSettings:0       ; no bokeh simulation when gathering]]
[2023.01.15-13.10.49:572][  0]LogConfig: Setting CVar [[r.DOF.Gather.RingCount:4                 ; medium number of samples when gathering]]
[2023.01.15-13.10.49:572][  0]LogConfig: Setting CVar [[r.DOF.Scatter.ForegroundCompositing:1    ; additive foreground scattering]]
[2023.01.15-13.10.49:572][  0]LogConfig: Setting CVar [[r.DOF.Scatter.BackgroundCompositing:2    ; additive background scattering]]
[2023.01.15-13.10.49:572][  0]LogConfig: Setting CVar [[r.DOF.Scatter.EnableBokehSettings:1      ; bokeh simulation when scattering]]
[2023.01.15-13.10.49:572][  0]LogConfig: Setting CVar [[r.DOF.Scatter.MaxSpriteRatio:0.1         ; only a maximum of 10% of scattered bokeh]]
[2023.01.15-13.10.49:572][  0]LogConfig: Setting CVar [[r.DOF.Recombine.Quality:1                ; cheap slight out of focus]]
[2023.01.15-13.10.49:572][  0]LogConfig: Setting CVar [[r.DOF.Recombine.EnableBokehSettings:0    ; no bokeh simulation on slight out of focus]]
[2023.01.15-13.10.49:572][  0]LogConfig: Setting CVar [[r.DOF.TemporalAAQuality:1                ; more stable temporal accumulation]]
[2023.01.15-13.10.49:572][  0]LogConfig: Setting CVar [[r.DOF.Kernel.MaxForegroundRadius:0.025]]
[2023.01.15-13.10.49:572][  0]LogConfig: Setting CVar [[r.DOF.Kernel.MaxBackgroundRadius:0.025]]
[2023.01.15-13.10.49:572][  0]LogConfig: Applying CVar settings from Section [TextureQuality@3] File [C:/Users/djeuj/OneDrive/Documents/GitHub/RPGDungeon/RPGDungeon/Saved/Config/Windows/Scalability.ini]
[2023.01.15-13.10.49:572][  0]LogConfig: Setting CVar [[r.Streaming.MipBias:0]]
[2023.01.15-13.10.49:573][  0]LogConfig: Setting CVar [[r.Streaming.AmortizeCPUToGPUCopy:0]]
[2023.01.15-13.10.49:573][  0]LogConfig: Setting CVar [[r.Streaming.MaxNumTexturesToStreamPerFrame:0]]
[2023.01.15-13.10.49:573][  0]LogConfig: Setting CVar [[r.Streaming.Boost:1]]
[2023.01.15-13.10.49:573][  0]LogConfig: Setting CVar [[r.MaxAnisotropy:8]]
[2023.01.15-13.10.49:573][  0]LogConfig: Setting CVar [[r.VT.MaxAnisotropy:8]]
[2023.01.15-13.10.49:573][  0]LogConfig: Setting CVar [[r.Streaming.LimitPoolSizeToVRAM:0]]
[2023.01.15-13.10.49:573][  0]LogConfig: Setting CVar [[r.Streaming.PoolSize:1000]]
[2023.01.15-13.10.49:573][  0]LogConfig: Setting CVar [[r.Streaming.MaxEffectiveScreenSize:0]]
[2023.01.15-13.10.49:573][  0]LogConfig: Applying CVar settings from Section [EffectsQuality@3] File [C:/Users/djeuj/OneDrive/Documents/GitHub/RPGDungeon/RPGDungeon/Saved/Config/Windows/Scalability.ini]
[2023.01.15-13.10.49:573][  0]LogConfig: Setting CVar [[r.TranslucencyLightingVolumeDim:64]]
[2023.01.15-13.10.49:573][  0]LogConfig: Setting CVar [[r.RefractionQuality:2]]
[2023.01.15-13.10.49:573][  0]LogConfig: Setting CVar [[r.SSR.Quality:3]]
[2023.01.15-13.10.49:573][  0]LogConfig: Setting CVar [[r.SSR.HalfResSceneColor:0]]
[2023.01.15-13.10.49:573][  0]LogConfig: Setting CVar [[r.SceneColorFormat:4]]
[2023.01.15-13.10.49:573][  0]LogConfig: Setting CVar [[r.DetailMode:2]]
[2023.01.15-13.10.49:573][  0]LogConfig: Setting CVar [[r.TranslucencyVolumeBlur:1]]
[2023.01.15-13.10.49:573][  0]LogConfig: Setting CVar [[r.MaterialQualityLevel:1 ; High quality]]
[2023.01.15-13.10.49:573][  0]LogConfig: Setting CVar [[r.AnisotropicMaterials:1]]
[2023.01.15-13.10.49:573][  0]LogConfig: Setting CVar [[r.SSS.Scale:1]]
[2023.01.15-13.10.49:573][  0]LogConfig: Setting CVar [[r.SSS.SampleSet:2]]
[2023.01.15-13.10.49:573][  0]LogConfig: Setting CVar [[r.SSS.Quality:1]]
[2023.01.15-13.10.49:573][  0]LogConfig: Setting CVar [[r.SSS.HalfRes:0]]
[2023.01.15-13.10.49:573][  0]LogConfig: Setting CVar [[r.SSGI.Quality:3]]
[2023.01.15-13.10.49:573][  0]LogConfig: Setting CVar [[r.EmitterSpawnRateScale:1.0]]
[2023.01.15-13.10.49:573][  0]LogConfig: Setting CVar [[r.ParticleLightQuality:2]]
[2023.01.15-13.10.49:573][  0]LogConfig: Setting CVar [[r.SkyAtmosphere.AerialPerspectiveLUT.FastApplyOnOpaque:1 ; Always have FastSkyLUT 1 in this case to avoid wrong sky]]
[2023.01.15-13.10.49:573][  0]LogConfig: Setting CVar [[r.SkyAtmosphere.AerialPerspectiveLUT.SampleCountMaxPerSlice:4]]
[2023.01.15-13.10.49:573][  0]LogConfig: Setting CVar [[r.SkyAtmosphere.AerialPerspectiveLUT.DepthResolution:16.0]]
[2023.01.15-13.10.49:573][  0]LogConfig: Setting CVar [[r.SkyAtmosphere.FastSkyLUT:1]]
[2023.01.15-13.10.49:573][  0]LogConfig: Setting CVar [[r.SkyAtmosphere.FastSkyLUT.SampleCountMin:4.0]]
[2023.01.15-13.10.49:573][  0]LogConfig: Setting CVar [[r.SkyAtmosphere.FastSkyLUT.SampleCountMax:128.0]]
[2023.01.15-13.10.49:573][  0]LogConfig: Setting CVar [[r.SkyAtmosphere.SampleCountMin:4.0]]
[2023.01.15-13.10.49:573][  0]LogConfig: Setting CVar [[r.SkyAtmosphere.SampleCountMax:128.0]]
[2023.01.15-13.10.49:573][  0]LogConfig: Setting CVar [[r.SkyAtmosphere.TransmittanceLUT.UseSmallFormat:0]]
[2023.01.15-13.10.49:573][  0]LogConfig: Setting CVar [[r.SkyAtmosphere.TransmittanceLUT.SampleCount:10.0]]
[2023.01.15-13.10.49:573][  0]LogConfig: Setting CVar [[r.SkyAtmosphere.MultiScatteringLUT.SampleCount:15.0]]
[2023.01.15-13.10.49:573][  0]LogConfig: Setting CVar [[r.SkyLight.RealTimeReflectionCapture:1]]
[2023.01.15-13.10.49:573][  0]LogConfig: Applying CVar settings from Section [FoliageQuality@3] File [C:/Users/djeuj/OneDrive/Documents/GitHub/RPGDungeon/RPGDungeon/Saved/Config/Windows/Scalability.ini]
[2023.01.15-13.10.49:573][  0]LogConfig: Setting CVar [[foliage.DensityScale:1.0]]
[2023.01.15-13.10.49:573][  0]LogConfig: Setting CVar [[grass.DensityScale:1.0]]
[2023.01.15-13.10.49:573][  0]LogConfig: Applying CVar settings from Section [ShadingQuality@3] File [C:/Users/djeuj/OneDrive/Documents/GitHub/RPGDungeon/RPGDungeon/Saved/Config/Windows/Scalability.ini]
[2023.01.15-13.10.49:573][  0]LogConfig: Setting CVar [[r.HairStrands.SkyLighting.IntegrationType:2]]
[2023.01.15-13.10.49:573][  0]LogConfig: Setting CVar [[r.HairStrands.SkyAO.SampleCount:4]]
[2023.01.15-13.10.49:573][  0]LogConfig: Setting CVar [[r.HairStrands.Visibility.MSAA.SamplePerPixel:4]]
[2023.01.15-13.10.49:573][  0]LogConfig: Applying CVar settings from Section [Startup] File [../../../Engine/Config/ConsoleVariables.ini]
[2023.01.15-13.10.49:573][  0]LogConfig: Setting CVar [[net.UseAdaptiveNetUpdateFrequency:0]]
[2023.01.15-13.10.49:573][  0]LogConfig: Setting CVar [[p.chaos.AllowCreatePhysxBodies:1]]
[2023.01.15-13.10.49:573][  0]LogConfig: Setting CVar [[fx.SkipVectorVMBackendOptimizations:1]]
[2023.01.15-13.10.49:573][  0]LogConfig: Applying CVar settings from Section [ConsoleVariables] File [C:/Users/djeuj/OneDrive/Documents/GitHub/RPGDungeon/RPGDungeon/Saved/Config/Windows/Engine.ini]
[2023.01.15-13.10.49:573][  0]LogConfig: Applying CVar settings from Section [ConsoleVariables] File [C:/Users/djeuj/OneDrive/Documents/GitHub/RPGDungeon/RPGDungeon/Saved/Config/Windows/Editor.ini]
[2023.01.15-13.10.49:573][  0]LogInit: Computer: LAPTOP-0LHO0FGV
[2023.01.15-13.10.49:573][  0]LogInit: User: djeuj
[2023.01.15-13.10.49:574][  0]LogInit: CPU Page size=4096, Cores=6
[2023.01.15-13.10.49:574][  0]LogInit: High frequency timer resolution =10.000000 MHz
[2023.01.15-13.10.49:574][  0]LogMemory: Memory total: Physical=15.4GB (16GB approx)
[2023.01.15-13.10.49:574][  0]LogMemory: Platform Memory Stats for Windows
[2023.01.15-13.10.49:574][  0]LogMemory: Process Physical Memory: 148.60 MB used, 148.61 MB peak
[2023.01.15-13.10.49:574][  0]LogMemory: Process Virtual Memory: 121.84 MB used, 121.84 MB peak
[2023.01.15-13.10.49:574][  0]LogMemory: Physical Memory: 8102.03 MB used,  7629.43 MB free, 15731.46 MB total
[2023.01.15-13.10.49:574][  0]LogMemory: Virtual Memory: 134207592.00 MB used,  10131.96 MB free, 134217728.00 MB total
[2023.01.15-13.10.49:579][  0]LogWindows: WindowsPlatformFeatures enabled
[2023.01.15-13.10.49:624][  0]LogInit: Physics initialised using underlying interface: PhysX
[2023.01.15-13.10.49:624][  0]LogInit: Using OS detected language (fr-FR).
[2023.01.15-13.10.49:624][  0]LogInit: Using OS detected locale (fr-FR).
[2023.01.15-13.10.49:632][  0]LogTextLocalizationManager: No specific localization for 'fr-FR' exists, so the 'fr' localization will be used.
[2023.01.15-13.10.49:632][  0]LogTextLocalizationResource: LocRes '../../../Engine/Content/Localization/Editor/fr/Editor.locres' could not be opened for reading!
[2023.01.15-13.10.49:632][  0]LogTextLocalizationResource: LocRes '../../../Engine/Content/Localization/EditorTutorials/fr/EditorTutorials.locres' could not be opened for reading!
[2023.01.15-13.10.49:632][  0]LogTextLocalizationResource: LocRes '../../../Engine/Content/Localization/Keywords/fr/Keywords.locres' could not be opened for reading!
[2023.01.15-13.10.49:632][  0]LogTextLocalizationResource: LocRes '../../../Engine/Content/Localization/Category/fr/Category.locres' could not be opened for reading!
[2023.01.15-13.10.49:632][  0]LogTextLocalizationResource: LocRes '../../../Engine/Content/Localization/ToolTips/fr/ToolTips.locres' could not be opened for reading!
[2023.01.15-13.10.49:633][  0]LogTextLocalizationResource: LocRes '../../../Engine/Content/Localization/PropertyNames/fr/PropertyNames.locres' could not be opened for reading!
[2023.01.15-13.10.49:633][  0]LogTextLocalizationResource: LocRes '../../../Engine/Content/Localization/Engine/fr/Engine.locres' could not be opened for reading!
[2023.01.15-13.10.49:634][  0]LogInit: Setting process to per monitor DPI aware
[2023.01.15-13.10.49:648][  0]LogWindowsTextInputMethodSystem: Display: IME system deactivated.
[2023.01.15-13.10.49:659][  0]LogSlate: New Slate User Created.  User Index 0, Is Virtual User: 0
[2023.01.15-13.10.49:660][  0]LogSlate: Slate User Registered.  User Index 0, Is Virtual User: 0
[2023.01.15-13.10.49:797][  0]LogD3D11RHI: Loaded GFSDK_Aftermath_Lib.x64.dll
[2023.01.15-13.10.49:824][  0]LogHMD: Failed to initialize OpenVR with code 110
[2023.01.15-13.10.49:824][  0]LogD3D11RHI: D3D11 min allowed feature level: 11_0
[2023.01.15-13.10.49:824][  0]LogD3D11RHI: D3D11 max allowed feature level: 11_0
[2023.01.15-13.10.49:824][  0]LogD3D11RHI: D3D11 adapters:
[2023.01.15-13.10.49:955][  0]LogD3D11RHI:    0. 'NVIDIA GeForce GTX 1660 Ti' (Feature Level 11_0)
[2023.01.15-13.10.49:955][  0]LogD3D11RHI:       5979/0/7865 MB DedicatedVideo/DedicatedSystem/SharedSystem, Outputs:1, VendorId:0x10de
[2023.01.15-13.10.49:985][  0]LogD3D11RHI:    1. 'AMD Radeon(TM) Graphics' (Feature Level 11_0)
[2023.01.15-13.10.49:985][  0]LogD3D11RHI:       496/0/7865 MB DedicatedVideo/DedicatedSystem/SharedSystem, Outputs:0, VendorId:0x1002
[2023.01.15-13.10.49:989][  0]LogD3D11RHI:    2. 'Microsoft Basic Render Driver' (Feature Level 11_0)
[2023.01.15-13.10.49:989][  0]LogD3D11RHI:       0/0/7865 MB DedicatedVideo/DedicatedSystem/SharedSystem, Outputs:0, VendorId:0x1414
[2023.01.15-13.10.49:989][  0]LogD3D11RHI: Chosen D3D11 Adapter:
[2023.01.15-13.10.49:989][  0]LogD3D11RHI:     Description : NVIDIA GeForce GTX 1660 Ti
[2023.01.15-13.10.49:989][  0]LogD3D11RHI:     VendorId    : 10de
[2023.01.15-13.10.49:989][  0]LogD3D11RHI:     DeviceId    : 2191
[2023.01.15-13.10.49:989][  0]LogD3D11RHI:     SubSysId    : 8786103c
[2023.01.15-13.10.49:989][  0]LogD3D11RHI:     Revision    : 00a1
[2023.01.15-13.10.49:989][  0]LogD3D11RHI:     DedicatedVideoMemory : 6269435904 bytes
[2023.01.15-13.10.49:989][  0]LogD3D11RHI:     DedicatedSystemMemory : 0 bytes
[2023.01.15-13.10.49:989][  0]LogD3D11RHI:     SharedSystemMemory : 8247814144 bytes
[2023.01.15-13.10.49:989][  0]LogD3D11RHI:     AdapterLuid : 0 116593
[2023.01.15-13.10.49:996][  0]LogD3D11RHI: Creating new Direct3DDevice
[2023.01.15-13.10.49:997][  0]LogD3D11RHI:     GPU DeviceId: 0x2191 (for the marketing name, search the web for "GPU Device Id")
[2023.01.15-13.10.49:997][  0]LogWindows: EnumDisplayDevices:
[2023.01.15-13.10.49:997][  0]LogWindows:    0. 'AMD Radeon(TM) Graphics' (P:1 D:1)
[2023.01.15-13.10.49:997][  0]LogWindows:    1. 'AMD Radeon(TM) Graphics' (P:0 D:0)
[2023.01.15-13.10.49:997][  0]LogWindows:    2. 'AMD Radeon(TM) Graphics' (P:0 D:0)
[2023.01.15-13.10.49:998][  0]LogWindows:    3. 'NVIDIA GeForce GTX 1660 Ti' (P:0 D:0)
[2023.01.15-13.10.49:998][  0]LogWindows:    4. 'NVIDIA GeForce GTX 1660 Ti' (P:0 D:0)
[2023.01.15-13.10.49:998][  0]LogWindows:    5. 'NVIDIA GeForce GTX 1660 Ti' (P:0 D:0)
[2023.01.15-13.10.49:998][  0]LogWindows:    6. 'NVIDIA GeForce GTX 1660 Ti' (P:0 D:0)
[2023.01.15-13.10.49:998][  0]LogWindows: DebugString: PrimaryIsNotTheChoosenAdapter PrimaryIsNotTheChoosenAdapter PrimaryIsNotTheChoosenAdapter FoundDriverCount:4 
[2023.01.15-13.10.49:998][  0]LogD3D11RHI:     Adapter Name: NVIDIA GeForce GTX 1660 Ti
[2023.01.15-13.10.49:998][  0]LogD3D11RHI:   Driver Version: 528.02 (internal:31.0.15.2802, unified:528.02)
[2023.01.15-13.10.49:998][  0]LogD3D11RHI:      Driver Date: 12-22-2022
[2023.01.15-13.10.49:998][  0]LogRHI: Texture pool is 4185 MB (70% of 5979 MB)
[2023.01.15-13.10.49:998][  0]LogD3D11RHI: Creating D3DDevice using adapter:
[2023.01.15-13.10.49:998][  0]LogD3D11RHI:     Description : NVIDIA GeForce GTX 1660 Ti
[2023.01.15-13.10.49:998][  0]LogD3D11RHI:     VendorId    : 10de
[2023.01.15-13.10.49:998][  0]LogD3D11RHI:     DeviceId    : 2191
[2023.01.15-13.10.49:998][  0]LogD3D11RHI:     SubSysId    : 8786103c
[2023.01.15-13.10.49:998][  0]LogD3D11RHI:     Revision    : 00a1
[2023.01.15-13.10.49:998][  0]LogD3D11RHI:     DedicatedVideoMemory : 6269435904 bytes
[2023.01.15-13.10.49:998][  0]LogD3D11RHI:     DedicatedSystemMemory : 0 bytes
[2023.01.15-13.10.49:998][  0]LogD3D11RHI:     SharedSystemMemory : 8247814144 bytes
[2023.01.15-13.10.49:999][  0]LogD3D11RHI:     AdapterLuid : 0 116593
[2023.01.15-13.10.50:072][  0]LogD3D11RHI: RHI has support for 64 bit atomics
[2023.01.15-13.10.50:072][  0]LogD3D11RHI: Async texture creation enabled
[2023.01.15-13.10.50:073][  0]LogD3D11RHI: Array index from any shader is supported
[2023.01.15-13.10.50:095][  0]LogD3D11RHI: GPU Timing Frequency: 1000.000000 (Debug: 2 1)
[2023.01.15-13.10.50:128][  0]LogRHI: GeForceNow SDK initialized: 1
[2023.01.15-13.10.50:439][  0]LogTargetPlatformManager: Display: Loaded TargetPlatform 'AllDesktop'
[2023.01.15-13.10.50:461][  0]LogTargetPlatformManager: Display: Loaded TargetPlatform 'Android'
[2023.01.15-13.10.50:461][  0]LogTargetPlatformManager: Display: Loaded TargetPlatform 'Android_ASTC'
[2023.01.15-13.10.50:461][  0]LogTargetPlatformManager: Display: Loaded TargetPlatform 'Android_DXT'
[2023.01.15-13.10.50:461][  0]LogTargetPlatformManager: Display: Loaded TargetPlatform 'Android_ETC2'
[2023.01.15-13.10.50:461][  0]LogTargetPlatformManager: Display: Loaded TargetPlatform 'AndroidClient'
[2023.01.15-13.10.50:461][  0]LogTargetPlatformManager: Display: Loaded TargetPlatform 'Android_ASTCClient'
[2023.01.15-13.10.50:461][  0]LogTargetPlatformManager: Display: Loaded TargetPlatform 'Android_DXTClient'
[2023.01.15-13.10.50:461][  0]LogTargetPlatformManager: Display: Loaded TargetPlatform 'Android_ETC2Client'
[2023.01.15-13.10.50:461][  0]LogTargetPlatformManager: Display: Loaded TargetPlatform 'Android_Multi'
[2023.01.15-13.10.50:461][  0]LogTargetPlatformManager: Display: Loaded TargetPlatform 'Android_MultiClient'
[2023.01.15-13.10.50:480][  0]LogTargetPlatformManager: Display: Loaded TargetPlatform 'IOSClient'
[2023.01.15-13.10.50:480][  0]LogTargetPlatformManager: Display: Loaded TargetPlatform 'IOS'
[2023.01.15-13.10.50:490][  0]LogTargetPlatformManager: Display: Loaded TargetPlatform 'Linux'
[2023.01.15-13.10.50:494][  0]LogTargetPlatformManager: Display: Loaded TargetPlatform 'LinuxNoEditor'
[2023.01.15-13.10.50:499][  0]LogTargetPlatformManager: Display: Loaded TargetPlatform 'LinuxClient'
[2023.01.15-13.10.50:503][  0]LogTargetPlatformManager: Display: Loaded TargetPlatform 'LinuxServer'
[2023.01.15-13.10.50:514][  0]LogTargetPlatformManager: Display: Loaded TargetPlatform 'LinuxAArch64NoEditor'
[2023.01.15-13.10.50:518][  0]LogTargetPlatformManager: Display: Loaded TargetPlatform 'LinuxAArch64Client'
[2023.01.15-13.10.50:523][  0]LogTargetPlatformManager: Display: Loaded TargetPlatform 'LinuxAArch64Server'
[2023.01.15-13.10.50:548][  0]LogTargetPlatformManager: Display: Loaded TargetPlatform 'Lumin'
[2023.01.15-13.10.50:548][  0]LogTargetPlatformManager: Display: Loaded TargetPlatform 'LuminClient'
[2023.01.15-13.10.50:557][  0]LogTargetPlatformManager: Display: Loaded TargetPlatform 'MacNoEditor'
[2023.01.15-13.10.50:561][  0]LogTargetPlatformManager: Display: Loaded TargetPlatform 'Mac'
[2023.01.15-13.10.50:566][  0]LogTargetPlatformManager: Display: Loaded TargetPlatform 'MacClient'
[2023.01.15-13.10.50:570][  0]LogTargetPlatformManager: Display: Loaded TargetPlatform 'MacServer'
[2023.01.15-13.10.50:580][  0]LogTargetPlatformManager: Display: Loaded TargetPlatform 'TVOSClient'
[2023.01.15-13.10.50:580][  0]LogTargetPlatformManager: Display: Loaded TargetPlatform 'TVOS'
[2023.01.15-13.10.50:589][  0]LogTargetPlatformManager: Display: Loaded TargetPlatform 'WindowsNoEditor'
[2023.01.15-13.10.50:594][  0]LogTargetPlatformManager: Display: Loaded TargetPlatform 'Windows'
[2023.01.15-13.10.50:599][  0]LogTargetPlatformManager: Display: Loaded TargetPlatform 'WindowsClient'
[2023.01.15-13.10.50:603][  0]LogTargetPlatformManager: Display: Loaded TargetPlatform 'WindowsServer'
[2023.01.15-13.10.50:603][  0]LogTargetPlatformManager: Display: Building Assets For Windows
[2023.01.15-13.10.50:611][  0]LogAudioDebug: Display: Lib vorbis DLL was dynamically loaded.
[2023.01.15-13.10.50:648][  0]LogTextureFormatOodle: Display: Oodle Texture 2.9.0 init RDO Off
[2023.01.15-13.10.50:681][  0]LogRendererCore: Ray tracing is disabled. Reason: r.RayTracing=0.
[2023.01.15-13.10.50:681][  0]LogShaderCompilers: Guid format shader working directory is -32 characters bigger than the processId version (../../../../../../Users/djeuj/OneDrive/Documents/GitHub/RPGDungeon/RPGDungeon/Intermediate/Shaders/WorkingDirectory/19240/).
[2023.01.15-13.10.50:682][  0]LogShaderCompilers: Cleaned the shader compiler working directory 'C:/Users/djeuj/AppData/Local/Temp/UnrealShaderWorkingDir/0DCF98F94B51098400BDEDB01AD7EFB9/'.
[2023.01.15-13.10.50:682][  0]LogXGEController: Cannot use XGE Controller as Incredibuild is not installed on this machine.
[2023.01.15-13.10.50:682][  0]LogShaderCompilers: Cannot use XGE Shader Compiler as Incredibuild is not installed on this machine.
[2023.01.15-13.10.50:682][  0]LogShaderCompilers: Display: Using Local Shader Compiler.
[2023.01.15-13.10.51:308][  0]LogDerivedDataCache: Display: Max Cache Size: 512 MB
[2023.01.15-13.10.51:362][  0]LogDerivedDataCache: Loaded boot cache 0.05s 94MB C:/Users/djeuj/AppData/Local/UnrealEngine/4.27/DerivedDataCache/Boot.ddc.
[2023.01.15-13.10.51:362][  0]LogDerivedDataCache: Display: Loaded Boot cache: C:/Users/djeuj/AppData/Local/UnrealEngine/4.27/DerivedDataCache/Boot.ddc
[2023.01.15-13.10.51:362][  0]LogDerivedDataCache: FDerivedDataBackendGraph:  Pak pak cache file ../../../../../../Users/djeuj/OneDrive/Documents/GitHub/RPGDungeon/RPGDungeon/DerivedDataCache/DDC.ddp not found, will not use a pak cache.
[2023.01.15-13.10.51:362][  0]LogDerivedDataCache: Unable to find inner node Pak for hierarchical cache Hierarchy.
[2023.01.15-13.10.51:362][  0]LogDerivedDataCache: FDerivedDataBackendGraph:  CompressedPak pak cache file ../../../../../../Users/djeuj/OneDrive/Documents/GitHub/RPGDungeon/RPGDungeon/DerivedDataCache/Compressed.ddp not found, will not use a pak cache.
[2023.01.15-13.10.51:362][  0]LogDerivedDataCache: Unable to find inner node CompressedPak for hierarchical cache Hierarchy.
[2023.01.15-13.10.51:380][  0]LogDerivedDataCache: Display: Pak cache opened for reading ../../../Engine/DerivedDataCache/Compressed.ddp.
[2023.01.15-13.10.51:380][  0]LogDerivedDataCache: FDerivedDataBackendGraph:  EnterprisePak pak cache file ../../../Enterprise/DerivedDataCache/Compressed.ddp not found, will not use a pak cache.
[2023.01.15-13.10.51:380][  0]LogDerivedDataCache: Unable to find inner node EnterprisePak for hierarchical cache Hierarchy.
[2023.01.15-13.10.51:388][  0]LogDerivedDataCache: Speed tests for C:/Users/djeuj/AppData/Local/UnrealEngine/Common/DerivedDataCache took 0.01 seconds
[2023.01.15-13.10.51:389][  0]LogDerivedDataCache: Display: Performance to C:/Users/djeuj/AppData/Local/UnrealEngine/Common/DerivedDataCache: Latency=0.04ms. RandomReadSpeed=1037.71MBs, RandomWriteSpeed=142.01MBs. Assigned SpeedClass 'Local'
[2023.01.15-13.10.51:389][  0]LogDerivedDataCache: Using Local data cache path C:/Users/djeuj/AppData/Local/UnrealEngine/Common/DerivedDataCache: Writable
[2023.01.15-13.10.51:389][  0]LogDerivedDataCache: Shared data cache path not found in *engine.ini, will not use an Shared cache.
[2023.01.15-13.10.51:389][  0]LogDerivedDataCache: Unable to find inner node Shared for hierarchical cache Hierarchy.
[2023.01.15-13.10.51:432][  0]LogSlate: Using FreeType 2.10.0
[2023.01.15-13.10.51:433][  0]LogSlate: SlateFontServices - WITH_FREETYPE: 1, WITH_HARFBUZZ: 1
[2023.01.15-13.10.51:455][  0]LogAssetRegistry: FAssetRegistry took 0.0033 seconds to start up
[2023.01.15-13.10.51:723][  0]LogInit: Selected Device Profile: [Windows]
[2023.01.15-13.10.51:723][  0]LogInit: Active device profile: [000001C675CFF500][000001C6764C2BC0 49] Windows
[2023.01.15-13.10.51:723][  0]LogInit: Profiles: [000001C675CFF500][000001C6764C2BC0 49] Windows, [000001C675D10D00][000001C6764CAD40 49] WindowsNoEditor, [000001C675CFCD00][000001C6764CEEC0 49] WindowsServer, [000001C675D12E00][000001C6764D3040 49] WindowsClient, [000001C675CFED00][000001C6764D71C0 49] IOS, [000001C675D11500][000001C6764DB340 49] iPadAir, [000001C675CFD400][000001C6764DF4C0 49] iPadAir2, [000001C675BDFE00][000001C6764E7780 49] IPadPro, [000001C675BDFF00][000001C6764E37C0 49] iPadAir3, [000001C675CFE800][000001C6764EB940 49] iPadAir4, [000001C675BDD200][000001C6764EFAC0 49] iPadMini2, [000001C675CFD800][000001C6764F20C0 49] iPadMini3, [000001C675BDE800][000001C6764F6240 49] iPadMini4, [000001C675CFF700][000001C6764FA3C0 49] iPadMini5, [000001C675C27700][000001C676502680 49] iPhone6, [000001C675C27800][000001C6764FE6C0 49] iPodTouch6, [000001C675BDC100][000001C6764C6940 49] iPhone7, [000001C675BDD300][000001C676506980 49] iPodTouch7, [000001C675C25100][000001C67650AAC0 49] iPhone5S, [000001C675BDE900][000001C67650EC00 49] iPhone6Plus, [000001C675C26900][000001C676512D40 49] iPhone6S, [000001C675BDCE00][000001C67651AEC0 49] iPhone6SPlus, [000001C675C25800][000001C67651F040 49] iPhone7Plus, [000001C675BDE400][000001C6765231C0 49] iPhoneSE, [000001C675C27900][000001C676527340 49] iPhone8, [000001C675BDF500][000001C67652B4C0 49] iPhone8Plus, [000001C675C24F00][000001C67652F640 49] iPhoneX, [000001C675BDD700][000001C6765337C0 49] iPhoneXS, [000001C675C26C00][000001C676537940 49] iPhoneXSMax, [000001C675BDED00][000001C67658FAC0 49] iPhoneXR, [000001C675C26600][000001C6765920C0 49] iPhone11, [000001C675BDF000][000001C676596240 49] iPhone11Pro, [000001C675C25900][000001C67659A3C0 49] iPhone11ProMax, [000001C675BDE600][000001C67659E540 49] iPhoneSE2, [000001C675C25400][000001C6765A26C0 49] iPhone12Mini, [000001C675BDEC00][000001C6765A6840 49] iPhone12, [000001C675C26700][000001C6765AA9C0 49] iPhone12Pro, [000001C675BDF700][000001C6765AEB40 49] iPhone12ProMax, [000001C675C24900][000001C676516C80 49] iPadPro105, [000001C675BDF400][000001C6765B2DC0 49] iPadPro129, [000001C675C26300][000001C6765F8F00 49] iPadPro97, [000001C675BDCA00][000001C676601080 49] iPadPro2_129, [000001C675C26400][000001C676605200 49] iPad5, [000001C675BDDB00][000001C67660D380 49] iPad6, [000001C675C26D00][000001C676611500 49] iPad7, [000001C675BDD400][000001C676615680 49] iPad8, [000001C675C26100][000001C676619800 49] iPadPro11, [000001C675BDD600][000001C67661D980 49] iPadPro2_11, [000001C675C24700][000001C676621B00 49] iPadPro3_129, [000001C675BDF300][000001C676624100 49] iPadPro4_129, [000001C675C26500][000001C676628280 49] AppleTV, [000001C675BDEA00][000001C67662C400 49] AppleTV4K, [000001C675C24800][000001C676634580 49] TVOS, [000001C675BDE000][000001C676638700 49] Mac, [000001C675C25B00][000001C676640880 49] MacClient, [000001C675BDF800][000001C676644A00 49] MacNoEditor, [000001C675C27500][000001C676648B80 49] MacServer, [000001C675BDFC00][000001C67664CD00 49] Linux, [000001C675C27200][000001C6765FCE40 49] LinuxAArch64, [000001C675BDE200][000001C67674CF80 49] LinuxNoEditor, [000001C675DC8900][000001C6767510C0 49] LinuxAArch64NoEditor, [000001C675D11600][000001C676761240 49] LinuxClient, [000001C675DCA300][000001C6767653C0 49] LinuxAArch64Client, [000001C675D10B00][000001C676769540 49] LinuxServer, [000001C675DC9000][000001C67676D6C0 49] LinuxAArch64Server, [000001C675D13000][000001C676771840 49] Android, [000001C675DC8D00][000001C6767759C0 49] Android_Low, [000001C675D11200][000001C676779B40 49] Android_Mid, [000001C675DC9800][000001C67677C140 49] Android_High, [000001C675D10A00][000001C6767802C0 49] Android_Default, [000001C675DC8B00][000001C676784440 49] Android_Adreno4xx, [000001C675D12900][000001C6767885C0 49] Android_Adreno5xx_Low, [000001C675DC8E00][000001C67678C740 49] Android_Adreno5xx, [000001C675D11000][000001C6767908C0 49] Android_Adreno6xx, [000001C675DC8600][000001C676794A40 49] Android_Adreno6xx_Vulkan, [000001C675D12100][000001C676798BC0 49] Android_Mali_T6xx, [000001C675DC9700][000001C67679CD40 49] Android_Mali_T7xx, [000001C675D12C00][000001C6767A0EC0 49] Android_Mali_T8xx, [000001C675BDEE00][000001C67675D000 49] Android_Mali_G71, [000001C675C25300][000001C67681B140 49] Android_Mali_G72, [000001C675BDD100][000001C67681F280 49] Android_Mali_G72_Vulkan, [000001C675C25000][000001C6768233C0 49] Android_Mali_G76, [000001C675BDDF00][000001C67682B540 49] Android_Mali_G76_Vulkan, [000001C675C27D00][000001C6768436C0 49] Android_Mali_G77, [000001C675BDF900][000001C676847840 49] Android_Mali_G77_Vulkan, [000001C675C26200][000001C67684B9C0 49] Android_Mali_G78, [000001C675BDEF00][000001C67685BB40 49] Android_Mali_G78_Vulkan, [000001C675C26000][000001C676872140 49] Android_Mali_G710, [000001C675BDD000][000001C67689A2C0 49] Android_Mali_G710_Vulkan, [000001C675C27F00][000001C6768BE440 49] Android_Vulkan_SM5, [000001C675BDC900][000001C6768D65C0 49] Android_PowerVR_G6xxx, [000001C675DC9500][000001C6768DE740 49] Android_PowerVR_GT7xxx, [000001C675BDC700][000001C6768E28C0 49] Android_PowerVR_GE8xxx, [000001C675DC9D00][000001C6768E6A40 49] Android_PowerVR_GM9xxx, [000001C675BDC800][000001C67692CBC0 49] Android_PowerVR_GM9xxx_Vulkan, [000001C675DC8700][000001C676930D40 49] Android_TegraK1, [000001C675BDF100][000001C676934EC0 49] Android_Unknown_Vulkan, [000001C675DC8100][000001C676939040 49] Lumin, [000001C675BDDC00][000001C676827180 49] Lumin_Desktop, [000001C675DC9A00][000001C67693D2C0 49] HoloLens, 
[2023.01.15-13.10.51:875][  0]LogMeshReduction: Using QuadricMeshReduction for automatic static mesh reduction
[2023.01.15-13.10.51:875][  0]LogMeshReduction: Using SimplygonMeshReduction for automatic skeletal mesh reduction
[2023.01.15-13.10.51:875][  0]LogMeshReduction: Using ProxyLODMeshReduction for automatic mesh merging
[2023.01.15-13.10.51:875][  0]LogMeshReduction: No distributed automatic mesh merging module available
[2023.01.15-13.10.51:875][  0]LogMeshMerging: No distributed automatic mesh merging module available
[2023.01.15-13.10.51:893][  0]LogNetVersion: RPGDungeon 1.0.0, NetCL: 17155196, EngineNetVer: 17, GameNetVer: 0 (Checksum: 2777097497)
[2023.01.15-13.10.52:305][  0]LogTexture: Default maximum texture size for cubemaps generated from long-lat sources has been changed from 512 to unlimited. In order to preserve old behaiour for '/Engine/MapTemplates/Sky/DaylightAmbientCubemap.DaylightAmbientCubemap', its maximum texture size has been explicitly set to 512.
[2023.01.15-13.10.52:368][  0]LogHMD: PokeAHoleMaterial loaded successfully
[2023.01.15-13.10.52:374][  0]LogUObjectArray: 17178 objects as part of root set at end of initial load.
[2023.01.15-13.10.52:374][  0]LogUObjectAllocator: 4302048 out of 0 bytes used by permanent object pool.
[2023.01.15-13.10.52:374][  0]LogUObjectArray: CloseDisregardForGC: 0/0 objects in disregard for GC pool
[2023.01.15-13.10.52:563][  0]LogNiagaraDebuggerClient: Niagara Debugger Client Initialized | Session: 0478C9334D407898171BBC99C24B4FD0 | Instance: 496AD2F64348354B001D7BB326E5BDF0 (LAPTOP-0LHO0FGV-19240).
[2023.01.15-13.10.52:799][  0]LogPython: Using Python 3.7.7
[2023.01.15-13.10.53:280][  0]LogTcpMessaging: Initializing TcpMessaging bridge
[2023.01.15-13.10.53:296][  0]LogUdpMessaging: Initializing bridge on interface 0.0.0.0:0 to multicast group 230.0.0.1:6666.
[2023.01.15-13.10.53:454][  0]SourceControl: Source control is disabled
[2023.01.15-13.10.53:454][  0]SourceControl: Source control is disabled
[2023.01.15-13.10.53:457][  0]SourceControl: Source control is disabled
[2023.01.15-13.10.53:462][  0]SourceControl: Source control is disabled
[2023.01.15-13.10.53:469][  0]SourceControl: Source control is disabled
[2023.01.15-13.10.53:477][  0]LogUProjectInfo: Found projects:
[2023.01.15-13.10.53:647][  0]LogOpenImageDenoise: OIDN starting up
[2023.01.15-13.10.53:741][  0]LogAndroidPermission: UAndroidPermissionCallbackProxy::GetInstance
[2023.01.15-13.10.53:761][  0]LogAudioCaptureCore: Display: No Audio Capture implementations found. Audio input will be silent.
[2023.01.15-13.10.53:761][  0]LogAudioCaptureCore: Display: No Audio Capture implementations found. Audio input will be silent.
[2023.01.15-13.10.53:893][  0]LogCollectionManager: Loaded 0 collections in 0.001926 seconds
[2023.01.15-13.10.53:922][  0]LogFileCache: Scanning file cache for directory 'C:/Users/djeuj/OneDrive/Documents/GitHub/RPGDungeon/RPGDungeon/Saved/Collections/' took 0.00s
[2023.01.15-13.10.53:922][  0]LogFileCache: Scanning file cache for directory 'C:/Users/djeuj/OneDrive/Documents/GitHub/RPGDungeon/RPGDungeon/Content/Developers/djeuj/Collections/' took 0.00s
[2023.01.15-13.10.53:922][  0]LogFileCache: Scanning file cache for directory 'C:/Users/djeuj/OneDrive/Documents/GitHub/RPGDungeon/RPGDungeon/Content/Collections/' took 0.00s
[2023.01.15-13.10.53:922][  0]LogOcInput: OculusInput pre-init called
[2023.01.15-13.10.54:137][  0]LogEngine: Initializing Engine...
[2023.01.15-13.10.54:155][  0]LogHMD: Failed to enumerate extensions. Please check that you have a valid OpenXR runtime installed.
[2023.01.15-13.10.54:155][  0]LogHMD: Failed to initialize OpenVR with code 110
[2023.01.15-13.10.54:156][  0]LogMagicLeap: Warning: VR disabled because ZI is not enabled.  To enable, in the editor, Edit -> Project Settings -> Plugins -> Magic Leap Plugin -> Enable Zero Iteration
[2023.01.15-13.10.54:157][  0]LogStats: UGameplayTagsManager::InitializeManager -  0.000 s
[2023.01.15-13.10.54:281][  0]LogInit: Initializing FReadOnlyCVARCache
[2023.01.15-13.10.54:290][  0]LogAIModule: Creating AISystem for world Untitled
[2023.01.15-13.10.54:300][  0]LogAudio: Display: Initializing Audio Device Manager...
[2023.01.15-13.10.54:304][  0]LogAudio: Display: Loading Default Audio Settings Objects...
[2023.01.15-13.10.54:304][  0]LogAudio: Display: No default SoundConcurrencyObject specified (or failed to load).
[2023.01.15-13.10.54:305][  0]LogAudio: Display: Audio Device Manager Initialized
[2023.01.15-13.10.54:305][  0]LogAudio: Display: Creating Audio Device:                 Id: 1, Scope: Shared, Realtime: True
[2023.01.15-13.10.54:305][  0]LogAudioMixer: Display: Audio Mixer Platform Settings:
[2023.01.15-13.10.54:305][  0]LogAudioMixer: Display: 	Sample Rate:						  48000
[2023.01.15-13.10.54:305][  0]LogAudioMixer: Display: 	Callback Buffer Frame Size Requested: 1024
[2023.01.15-13.10.54:305][  0]LogAudioMixer: Display: 	Callback Buffer Frame Size To Use:	  1024
[2023.01.15-13.10.54:305][  0]LogAudioMixer: Display: 	Number of buffers to queue:			  2
[2023.01.15-13.10.54:305][  0]LogAudioMixer: Display: 	Max Channels (voices):				  32
[2023.01.15-13.10.54:305][  0]LogAudioMixer: Display: 	Number of Async Source Workers:		  0
[2023.01.15-13.10.54:305][  0]LogAudio: Display: AudioDevice MaxSources: 32
[2023.01.15-13.10.54:305][  0]LogAudio: Display: Audio Spatialization Plugin: None (built-in).
[2023.01.15-13.10.54:305][  0]LogAudio: Display: Audio Reverb Plugin: None (built-in).
[2023.01.15-13.10.54:305][  0]LogAudio: Display: Audio Occlusion Plugin: None (built-in).
[2023.01.15-13.10.54:305][  0]LogAudioMixer: Display: Initializing audio mixer.
[2023.01.15-13.10.54:320][  0]LogAudioMixer: Display: 0: FrontLeft
[2023.01.15-13.10.54:320][  0]LogAudioMixer: Display: 1: FrontRight
[2023.01.15-13.10.54:356][  0]LogAudioMixer: Display: Using Audio Device Haut-parleurs (Razer USB Sound Card)
[2023.01.15-13.10.54:359][  0]LogAudioMixer: Display: Initializing Sound Submixes...
[2023.01.15-13.10.54:361][  0]LogAudioMixer: Display: Creating Master Submix 'MasterSubmixDefault'
[2023.01.15-13.10.54:361][  0]LogAudioMixer: Display: Creating Master Submix 'MasterReverbSubmixDefault'
[2023.01.15-13.10.54:362][  0]LogAudioMixer: Display: Creating Master Submix 'MasterEQSubmixDefault'
[2023.01.15-13.10.54:362][  0]LogAudioMixer: FMixerPlatformXAudio2::StartAudioStream() called
[2023.01.15-13.10.54:362][  0]LogAudioMixer: Display: Output buffers initialized: Frames=1024, Channels=2, Samples=2048
[2023.01.15-13.10.54:364][  0]LogAudioMixer: Display: Starting AudioMixerPlatformInterface::RunInternal()
[2023.01.15-13.10.54:364][  0]LogAudioMixer: Display: FMixerPlatformXAudio2::SubmitBuffer() called for the first time
[2023.01.15-13.10.54:364][  0]LogInit: FAudioDevice initialized.
[2023.01.15-13.10.54:364][  0]LogAudio: Display: Audio Device (ID: 1) registered with world 'Untitled'.
[2023.01.15-13.10.54:364][  0]LogNetVersion: Set ProjectVersion to 1.0.0.0. Version Checksum will be recalculated on next use.
[2023.01.15-13.10.54:420][  0]LogDerivedDataCache: Saved boot cache 0.06s 94MB C:/Users/djeuj/AppData/Local/UnrealEngine/4.27/DerivedDataCache/Boot.ddc.
[2023.01.15-13.10.54:423][  0]LogInit: Texture streaming: Enabled
[2023.01.15-13.10.54:436][  0]LogAnalytics: Display: [UEEditor.Rocket.Release] APIServer = https://datarouter.ol.epicgames.com/. AppVersion = 4.27.2-18319896+++UE4+Release-4.27
[2023.01.15-13.10.54:441][  0]LogEngineSessionManager: EngineSessionManager initialized
[2023.01.15-13.10.54:441][  0]LogEditorSessionSummary: Verbose: Initializing EditorSessionSummaryWriter for editor session tracking
[2023.01.15-13.10.54:450][  0]LogEditorSessionSummary: EditorSessionSummaryWriter initialized
[2023.01.15-13.10.54:467][  0]LogInit: Transaction tracking system initialized
[2023.01.15-13.10.54:489][  0]BlueprintLog: New page: Editor Load
[2023.01.15-13.10.54:565][  0]LocalizationService: Localization service is disabled
[2023.01.15-13.10.54:589][  0]TimingProfiler: Initialize
[2023.01.15-13.10.54:589][  0]TimingProfiler: OnSessionChanged
[2023.01.15-13.10.54:589][  0]LoadingProfiler: Initialize
[2023.01.15-13.10.54:589][  0]LoadingProfiler: OnSessionChanged
[2023.01.15-13.10.54:589][  0]NetworkingProfiler: Initialize
[2023.01.15-13.10.54:589][  0]NetworkingProfiler: OnSessionChanged
[2023.01.15-13.10.54:589][  0]MemoryProfiler: Initialize
[2023.01.15-13.10.54:590][  0]MemoryProfiler: OnSessionChanged
[2023.01.15-13.10.54:761][  0]LogCook: Display: CookSettings for Memory: MemoryMaxUsedVirtual 0MiB, MemoryMaxUsedPhysical 16384MiB, MemoryMinFreeVirtual 0MiB, MemoryMinFreePhysical 1024MiB
[2023.01.15-13.10.54:761][  0]LogCook: Display: Mobile HDR setting 1
[2023.01.15-13.10.54:965][  0]LogFileCache: Scanning file cache for directory 'C:/Users/djeuj/OneDrive/Documents/GitHub/RPGDungeon/RPGDungeon/Content/' took 0.00s
[2023.01.15-13.10.55:122][  0]LogInit: Display: Engine is initialized. Leaving FEngineLoop::Init()
[2023.01.15-13.10.55:130][  0]SourceControl: Source control is disabled
[2023.01.15-13.10.55:130][  0]LogUnrealEdMisc: Loading editor; pre map load, took 6.899
[2023.01.15-13.10.55:130][  0]Cmd: MAP LOAD FILE="../../../Engine/Content/Maps/Templates/Template_Default.umap" TEMPLATE=1 SHOWPROGRESS=1 FEATURELEVEL=3
[2023.01.15-13.10.55:130][  0]LightingResults: New page: Lighting Build
[2023.01.15-13.10.55:132][  0]LogWorld: UWorld::CleanupWorld for Untitled, bSessionEnded=true, bCleanupResources=true
[2023.01.15-13.10.55:132][  0]LogSlate: InvalidateAllWidgets triggered.  All widgets were invalidated
[2023.01.15-13.10.55:133][  0]MapCheck: New page: Map Check
[2023.01.15-13.10.55:133][  0]LightingResults: New page: Lighting Build
[2023.01.15-13.10.55:136][  0]LogAudio: Display: Audio Device unregistered from world 'None'.
[2023.01.15-13.10.55:139][  0]LogUObjectHash: Compacting FUObjectHashTables data took   0.83ms
[2023.01.15-13.10.55:194][  0]LogTexture: Display: Building textures: DeprecatedTextureEB9CBE3C423008B5E8E130901E171C89 (BGRA8, 128X128)
[2023.01.15-13.10.55:197][  0]LogAudio: Display: Audio Device (ID: 1) registered with world 'Untitled_1'.
[2023.01.15-13.10.55:198][  0]LogAIModule: Creating AISystem for world Untitled_1
[2023.01.15-13.10.55:202][  0]LogEditorServer: Finished looking for orphan Actors (0.000 secs)
[2023.01.15-13.10.55:210][  0]LogUObjectHash: Compacting FUObjectHashTables data took   0.87ms
[2023.01.15-13.10.55:211][  0]Cmd: MAP CHECKDEP NOCLEARLOG
[2023.01.15-13.10.55:211][  0]MapCheck: Map check complete: 0 Error(s), 0 Warning(s), took 0,255ms to complete.
[2023.01.15-13.10.55:211][  0]LogFileHelpers: Loading map 'Template_Default' took 0.081
[2023.01.15-13.10.55:213][  0]LogUnrealEdMisc: Total Editor Startup Time, took 6.982
[2023.01.15-13.10.55:344][  0]LogSlate: Updating window title bar state: overlay mode, drag disabled, window buttons hidden, title bar hidden
[2023.01.15-13.10.55:351][  0]LogSlate: Updating window title bar state: overlay mode, drag disabled, window buttons hidden, title bar hidden
[2023.01.15-13.10.55:357][  0]LogSlate: Updating window title bar state: overlay mode, drag disabled, window buttons hidden, title bar hidden
[2023.01.15-13.10.55:363][  0]LogSlate: Updating window title bar state: overlay mode, drag disabled, window buttons hidden, title bar hidden
[2023.01.15-13.10.55:393][  0]LogNativeClassHierarchy: Verbose: Native class hierarchy populated in 0.0103 seconds. Added 3822 classes and 928 folders.
[2023.01.15-13.10.55:398][  0]LogNativeClassHierarchy: Verbose: Native class hierarchy updated for 'WidgetCarousel' in 0.0003 seconds. Added 0 classes and 0 folders.
[2023.01.15-13.10.55:401][  0]LogPakFile: PakFile PrimaryIndexSize=187
[2023.01.15-13.10.55:401][  0]LogPakFile: PakFile PathHashIndexSize=101
[2023.01.15-13.10.55:401][  0]LogPakFile: PakFile FullDirectoryIndexSize=148
[2023.01.15-13.10.55:401][  0]LogShaderLibrary: Display: ShaderCodeLibraryPakFileMountedCallback: PakFile 'C:/Program Files/Epic Games/UE_4.27/FeaturePacks/FP_FirstPerson.upack' (chunk index -1, root 'root:/') mounted
[2023.01.15-13.10.55:401][  0]LogShaderLibrary: Display: ShaderCodeLibraryPakFileMountedCallback: pending pak file info (ChunkID:-1 Root:root:/ File:C:/Program Files/Epic Games/UE_4.27/FeaturePacks/FP_FirstPerson.upack)
[2023.01.15-13.10.55:401][  0]LogPakFile: OnPakFileMounted2Time == 0.000108
[2023.01.15-13.10.55:402][  0]LogPakFile: PakFile PrimaryIndexSize=189
[2023.01.15-13.10.55:402][  0]LogPakFile: PakFile PathHashIndexSize=101
[2023.01.15-13.10.55:402][  0]LogPakFile: PakFile FullDirectoryIndexSize=152
[2023.01.15-13.10.55:402][  0]LogShaderLibrary: Display: ShaderCodeLibraryPakFileMountedCallback: PakFile 'C:/Program Files/Epic Games/UE_4.27/FeaturePacks/FP_FirstPersonBP.upack' (chunk index -1, root 'root:/') mounted
[2023.01.15-13.10.55:402][  0]LogShaderLibrary: Display: ShaderCodeLibraryPakFileMountedCallback: pending pak file info (ChunkID:-1 Root:root:/ File:C:/Program Files/Epic Games/UE_4.27/FeaturePacks/FP_FirstPersonBP.upack)
[2023.01.15-13.10.55:402][  0]LogPakFile: OnPakFileMounted2Time == 0.000050
[2023.01.15-13.10.55:403][  0]LogPakFile: PakFile PrimaryIndexSize=191
[2023.01.15-13.10.55:403][  0]LogPakFile: PakFile PathHashIndexSize=101
[2023.01.15-13.10.55:403][  0]LogPakFile: PakFile FullDirectoryIndexSize=160
[2023.01.15-13.10.55:403][  0]LogShaderLibrary: Display: ShaderCodeLibraryPakFileMountedCallback: PakFile 'C:/Program Files/Epic Games/UE_4.27/FeaturePacks/MobileStarterContent.upack' (chunk index -1, root 'root:/') mounted
[2023.01.15-13.10.55:403][  0]LogShaderLibrary: Display: ShaderCodeLibraryPakFileMountedCallback: pending pak file info (ChunkID:-1 Root:root:/ File:C:/Program Files/Epic Games/UE_4.27/FeaturePacks/MobileStarterContent.upack)
[2023.01.15-13.10.55:403][  0]LogPakFile: OnPakFileMounted2Time == 0.000041
[2023.01.15-13.10.55:404][  0]LogPakFile: PakFile PrimaryIndexSize=185
[2023.01.15-13.10.55:404][  0]LogPakFile: PakFile PathHashIndexSize=101
[2023.01.15-13.10.55:404][  0]LogPakFile: PakFile FullDirectoryIndexSize=148
[2023.01.15-13.10.55:404][  0]LogShaderLibrary: Display: ShaderCodeLibraryPakFileMountedCallback: PakFile 'C:/Program Files/Epic Games/UE_4.27/FeaturePacks/StarterContent.upack' (chunk index -1, root 'root:/') mounted
[2023.01.15-13.10.55:404][  0]LogShaderLibrary: Display: ShaderCodeLibraryPakFileMountedCallback: pending pak file info (ChunkID:-1 Root:root:/ File:C:/Program Files/Epic Games/UE_4.27/FeaturePacks/StarterContent.upack)
[2023.01.15-13.10.55:404][  0]LogPakFile: OnPakFileMounted2Time == 0.000039
[2023.01.15-13.10.55:404][  0]LogPakFile: PakFile PrimaryIndexSize=190
[2023.01.15-13.10.55:404][  0]LogPakFile: PakFile PathHashIndexSize=101
[2023.01.15-13.10.55:404][  0]LogPakFile: PakFile FullDirectoryIndexSize=154
[2023.01.15-13.10.55:404][  0]LogShaderLibrary: Display: ShaderCodeLibraryPakFileMountedCallback: PakFile 'C:/Program Files/Epic Games/UE_4.27/FeaturePacks/TP_2DSideScroller.upack' (chunk index -1, root 'root:/') mounted
[2023.01.15-13.10.55:404][  0]LogShaderLibrary: Display: ShaderCodeLibraryPakFileMountedCallback: pending pak file info (ChunkID:-1 Root:root:/ File:C:/Program Files/Epic Games/UE_4.27/FeaturePacks/TP_2DSideScroller.upack)
[2023.01.15-13.10.55:404][  0]LogPakFile: OnPakFileMounted2Time == 0.000039
[2023.01.15-13.10.55:405][  0]LogPakFile: PakFile PrimaryIndexSize=192
[2023.01.15-13.10.55:405][  0]LogPakFile: PakFile PathHashIndexSize=101
[2023.01.15-13.10.55:405][  0]LogPakFile: PakFile FullDirectoryIndexSize=158
[2023.01.15-13.10.55:405][  0]LogShaderLibrary: Display: ShaderCodeLibraryPakFileMountedCallback: PakFile 'C:/Program Files/Epic Games/UE_4.27/FeaturePacks/TP_2DSideScrollerBP.upack' (chunk index -1, root 'root:/') mounted
[2023.01.15-13.10.55:405][  0]LogShaderLibrary: Display: ShaderCodeLibraryPakFileMountedCallback: pending pak file info (ChunkID:-1 Root:root:/ File:C:/Program Files/Epic Games/UE_4.27/FeaturePacks/TP_2DSideScrollerBP.upack)
[2023.01.15-13.10.55:405][  0]LogPakFile: OnPakFileMounted2Time == 0.000036
[2023.01.15-13.10.55:405][  0]LogPakFile: PakFile PrimaryIndexSize=182
[2023.01.15-13.10.55:405][  0]LogPakFile: PakFile PathHashIndexSize=101
[2023.01.15-13.10.55:405][  0]LogPakFile: PakFile FullDirectoryIndexSize=138
[2023.01.15-13.10.55:405][  0]LogShaderLibrary: Display: ShaderCodeLibraryPakFileMountedCallback: PakFile 'C:/Program Files/Epic Games/UE_4.27/FeaturePacks/TP_Flying.upack' (chunk index -1, root 'root:/') mounted
[2023.01.15-13.10.55:405][  0]LogShaderLibrary: Display: ShaderCodeLibraryPakFileMountedCallback: pending pak file info (ChunkID:-1 Root:root:/ File:C:/Program Files/Epic Games/UE_4.27/FeaturePacks/TP_Flying.upack)
[2023.01.15-13.10.55:405][  0]LogPakFile: OnPakFileMounted2Time == 0.000037
[2023.01.15-13.10.55:406][  0]LogPakFile: PakFile PrimaryIndexSize=184
[2023.01.15-13.10.55:406][  0]LogPakFile: PakFile PathHashIndexSize=101
[2023.01.15-13.10.55:406][  0]LogPakFile: PakFile FullDirectoryIndexSize=142
[2023.01.15-13.10.55:406][  0]LogShaderLibrary: Display: ShaderCodeLibraryPakFileMountedCallback: PakFile 'C:/Program Files/Epic Games/UE_4.27/FeaturePacks/TP_FlyingBP.upack' (chunk index -1, root 'root:/') mounted
[2023.01.15-13.10.55:406][  0]LogShaderLibrary: Display: ShaderCodeLibraryPakFileMountedCallback: pending pak file info (ChunkID:-1 Root:root:/ File:C:/Program Files/Epic Games/UE_4.27/FeaturePacks/TP_FlyingBP.upack)
[2023.01.15-13.10.55:406][  0]LogPakFile: OnPakFileMounted2Time == 0.000034
[2023.01.15-13.10.55:407][  0]LogPakFile: PakFile PrimaryIndexSize=188
[2023.01.15-13.10.55:407][  0]LogPakFile: PakFile PathHashIndexSize=101
[2023.01.15-13.10.55:407][  0]LogPakFile: PakFile FullDirectoryIndexSize=150
[2023.01.15-13.10.55:407][  0]LogShaderLibrary: Display: ShaderCodeLibraryPakFileMountedCallback: PakFile 'C:/Program Files/Epic Games/UE_4.27/FeaturePacks/TP_HandheldARBP.upack' (chunk index -1, root 'root:/') mounted
[2023.01.15-13.10.55:407][  0]LogShaderLibrary: Display: ShaderCodeLibraryPakFileMountedCallback: pending pak file info (ChunkID:-1 Root:root:/ File:C:/Program Files/Epic Games/UE_4.27/FeaturePacks/TP_HandheldARBP.upack)
[2023.01.15-13.10.55:407][  0]LogPakFile: OnPakFileMounted2Time == 0.000035
[2023.01.15-13.10.55:407][  0]LogPakFile: PakFile PrimaryIndexSize=182
[2023.01.15-13.10.55:407][  0]LogPakFile: PakFile PathHashIndexSize=101
[2023.01.15-13.10.55:407][  0]LogPakFile: PakFile FullDirectoryIndexSize=138
[2023.01.15-13.10.55:407][  0]LogShaderLibrary: Display: ShaderCodeLibraryPakFileMountedCallback: PakFile 'C:/Program Files/Epic Games/UE_4.27/FeaturePacks/TP_Puzzle.upack' (chunk index -1, root 'root:/') mounted
[2023.01.15-13.10.55:407][  0]LogShaderLibrary: Display: ShaderCodeLibraryPakFileMountedCallback: pending pak file info (ChunkID:-1 Root:root:/ File:C:/Program Files/Epic Games/UE_4.27/FeaturePacks/TP_Puzzle.upack)
[2023.01.15-13.10.55:407][  0]LogPakFile: OnPakFileMounted2Time == 0.000041
[2023.01.15-13.10.55:408][  0]LogPakFile: PakFile PrimaryIndexSize=184
[2023.01.15-13.10.55:408][  0]LogPakFile: PakFile PathHashIndexSize=101
[2023.01.15-13.10.55:408][  0]LogPakFile: PakFile FullDirectoryIndexSize=142
[2023.01.15-13.10.55:408][  0]LogShaderLibrary: Display: ShaderCodeLibraryPakFileMountedCallback: PakFile 'C:/Program Files/Epic Games/UE_4.27/FeaturePacks/TP_PuzzleBP.upack' (chunk index -1, root 'root:/') mounted
[2023.01.15-13.10.55:408][  0]LogShaderLibrary: Display: ShaderCodeLibraryPakFileMountedCallback: pending pak file info (ChunkID:-1 Root:root:/ File:C:/Program Files/Epic Games/UE_4.27/FeaturePacks/TP_PuzzleBP.upack)
[2023.01.15-13.10.55:408][  0]LogPakFile: OnPakFileMounted2Time == 0.000040
[2023.01.15-13.10.55:409][  0]LogPakFile: PakFile PrimaryIndexSize=183
[2023.01.15-13.10.55:409][  0]LogPakFile: PakFile PathHashIndexSize=101
[2023.01.15-13.10.55:409][  0]LogPakFile: PakFile FullDirectoryIndexSize=140
[2023.01.15-13.10.55:409][  0]LogShaderLibrary: Display: ShaderCodeLibraryPakFileMountedCallback: PakFile 'C:/Program Files/Epic Games/UE_4.27/FeaturePacks/TP_Rolling.upack' (chunk index -1, root 'root:/') mounted
[2023.01.15-13.10.55:409][  0]LogShaderLibrary: Display: ShaderCodeLibraryPakFileMountedCallback: pending pak file info (ChunkID:-1 Root:root:/ File:C:/Program Files/Epic Games/UE_4.27/FeaturePacks/TP_Rolling.upack)
[2023.01.15-13.10.55:409][  0]LogPakFile: OnPakFileMounted2Time == 0.000042
[2023.01.15-13.10.55:409][  0]LogPakFile: PakFile PrimaryIndexSize=185
[2023.01.15-13.10.55:409][  0]LogPakFile: PakFile PathHashIndexSize=101
[2023.01.15-13.10.55:409][  0]LogPakFile: PakFile FullDirectoryIndexSize=144
[2023.01.15-13.10.55:409][  0]LogShaderLibrary: Display: ShaderCodeLibraryPakFileMountedCallback: PakFile 'C:/Program Files/Epic Games/UE_4.27/FeaturePacks/TP_RollingBP.upack' (chunk index -1, root 'root:/') mounted
[2023.01.15-13.10.55:409][  0]LogShaderLibrary: Display: ShaderCodeLibraryPakFileMountedCallback: pending pak file info (ChunkID:-1 Root:root:/ File:C:/Program Files/Epic Games/UE_4.27/FeaturePacks/TP_RollingBP.upack)
[2023.01.15-13.10.55:410][  0]LogPakFile: OnPakFileMounted2Time == 0.000042
[2023.01.15-13.10.55:410][  0]LogPakFile: PakFile PrimaryIndexSize=188
[2023.01.15-13.10.55:410][  0]LogPakFile: PakFile PathHashIndexSize=101
[2023.01.15-13.10.55:410][  0]LogPakFile: PakFile FullDirectoryIndexSize=150
[2023.01.15-13.10.55:410][  0]LogShaderLibrary: Display: ShaderCodeLibraryPakFileMountedCallback: PakFile 'C:/Program Files/Epic Games/UE_4.27/FeaturePacks/TP_SideScroller.upack' (chunk index -1, root 'root:/') mounted
[2023.01.15-13.10.55:410][  0]LogShaderLibrary: Display: ShaderCodeLibraryPakFileMountedCallback: pending pak file info (ChunkID:-1 Root:root:/ File:C:/Program Files/Epic Games/UE_4.27/FeaturePacks/TP_SideScroller.upack)
[2023.01.15-13.10.55:410][  0]LogPakFile: OnPakFileMounted2Time == 0.000035
[2023.01.15-13.10.55:411][  0]LogPakFile: PakFile PrimaryIndexSize=190
[2023.01.15-13.10.55:411][  0]LogPakFile: PakFile PathHashIndexSize=101
[2023.01.15-13.10.55:411][  0]LogPakFile: PakFile FullDirectoryIndexSize=154
[2023.01.15-13.10.55:411][  0]LogShaderLibrary: Display: ShaderCodeLibraryPakFileMountedCallback: PakFile 'C:/Program Files/Epic Games/UE_4.27/FeaturePacks/TP_SideScrollerBP.upack' (chunk index -1, root 'root:/') mounted
[2023.01.15-13.10.55:411][  0]LogShaderLibrary: Display: ShaderCodeLibraryPakFileMountedCallback: pending pak file info (ChunkID:-1 Root:root:/ File:C:/Program Files/Epic Games/UE_4.27/FeaturePacks/TP_SideScrollerBP.upack)
[2023.01.15-13.10.55:411][  0]LogPakFile: OnPakFileMounted2Time == 0.000036
[2023.01.15-13.10.55:411][  0]LogPakFile: PakFile PrimaryIndexSize=187
[2023.01.15-13.10.55:411][  0]LogPakFile: PakFile PathHashIndexSize=101
[2023.01.15-13.10.55:411][  0]LogPakFile: PakFile FullDirectoryIndexSize=148
[2023.01.15-13.10.55:411][  0]LogShaderLibrary: Display: ShaderCodeLibraryPakFileMountedCallback: PakFile 'C:/Program Files/Epic Games/UE_4.27/FeaturePacks/TP_ThirdPerson.upack' (chunk index -1, root 'root:/') mounted
[2023.01.15-13.10.55:411][  0]LogShaderLibrary: Display: ShaderCodeLibraryPakFileMountedCallback: pending pak file info (ChunkID:-1 Root:root:/ File:C:/Program Files/Epic Games/UE_4.27/FeaturePacks/TP_ThirdPerson.upack)
[2023.01.15-13.10.55:411][  0]LogPakFile: OnPakFileMounted2Time == 0.000036
[2023.01.15-13.10.55:412][  0]LogPakFile: PakFile PrimaryIndexSize=189
[2023.01.15-13.10.55:412][  0]LogPakFile: PakFile PathHashIndexSize=101
[2023.01.15-13.10.55:412][  0]LogPakFile: PakFile FullDirectoryIndexSize=152
[2023.01.15-13.10.55:412][  0]LogShaderLibrary: Display: ShaderCodeLibraryPakFileMountedCallback: PakFile 'C:/Program Files/Epic Games/UE_4.27/FeaturePacks/TP_ThirdPersonBP.upack' (chunk index -1, root 'root:/') mounted
[2023.01.15-13.10.55:412][  0]LogShaderLibrary: Display: ShaderCodeLibraryPakFileMountedCallback: pending pak file info (ChunkID:-1 Root:root:/ File:C:/Program Files/Epic Games/UE_4.27/FeaturePacks/TP_ThirdPersonBP.upack)
[2023.01.15-13.10.55:412][  0]LogPakFile: OnPakFileMounted2Time == 0.000038
[2023.01.15-13.10.55:412][  0]LogPakFile: PakFile PrimaryIndexSize=183
[2023.01.15-13.10.55:412][  0]LogPakFile: PakFile PathHashIndexSize=101
[2023.01.15-13.10.55:412][  0]LogPakFile: PakFile FullDirectoryIndexSize=140
[2023.01.15-13.10.55:413][  0]LogShaderLibrary: Display: ShaderCodeLibraryPakFileMountedCallback: PakFile 'C:/Program Files/Epic Games/UE_4.27/FeaturePacks/TP_TopDown.upack' (chunk index -1, root 'root:/') mounted
[2023.01.15-13.10.55:413][  0]LogShaderLibrary: Display: ShaderCodeLibraryPakFileMountedCallback: pending pak file info (ChunkID:-1 Root:root:/ File:C:/Program Files/Epic Games/UE_4.27/FeaturePacks/TP_TopDown.upack)
[2023.01.15-13.10.55:413][  0]LogPakFile: OnPakFileMounted2Time == 0.000042
[2023.01.15-13.10.55:413][  0]LogPakFile: PakFile PrimaryIndexSize=185
[2023.01.15-13.10.55:413][  0]LogPakFile: PakFile PathHashIndexSize=101
[2023.01.15-13.10.55:413][  0]LogPakFile: PakFile FullDirectoryIndexSize=144
[2023.01.15-13.10.55:413][  0]LogShaderLibrary: Display: ShaderCodeLibraryPakFileMountedCallback: PakFile 'C:/Program Files/Epic Games/UE_4.27/FeaturePacks/TP_TopDownBP.upack' (chunk index -1, root 'root:/') mounted
[2023.01.15-13.10.55:413][  0]LogShaderLibrary: Display: ShaderCodeLibraryPakFileMountedCallback: pending pak file info (ChunkID:-1 Root:root:/ File:C:/Program Files/Epic Games/UE_4.27/FeaturePacks/TP_TopDownBP.upack)
[2023.01.15-13.10.55:413][  0]LogPakFile: OnPakFileMounted2Time == 0.000038
[2023.01.15-13.10.55:414][  0]LogPakFile: PakFile PrimaryIndexSize=185
[2023.01.15-13.10.55:414][  0]LogPakFile: PakFile PathHashIndexSize=101
[2023.01.15-13.10.55:414][  0]LogPakFile: PakFile FullDirectoryIndexSize=144
[2023.01.15-13.10.55:414][  0]LogShaderLibrary: Display: ShaderCodeLibraryPakFileMountedCallback: PakFile 'C:/Program Files/Epic Games/UE_4.27/FeaturePacks/TP_TwinStick.upack' (chunk index -1, root 'root:/') mounted
[2023.01.15-13.10.55:414][  0]LogShaderLibrary: Display: ShaderCodeLibraryPakFileMountedCallback: pending pak file info (ChunkID:-1 Root:root:/ File:C:/Program Files/Epic Games/UE_4.27/FeaturePacks/TP_TwinStick.upack)
[2023.01.15-13.10.55:414][  0]LogPakFile: OnPakFileMounted2Time == 0.000034
[2023.01.15-13.10.55:414][  0]LogPakFile: PakFile PrimaryIndexSize=187
[2023.01.15-13.10.55:414][  0]LogPakFile: PakFile PathHashIndexSize=101
[2023.01.15-13.10.55:414][  0]LogPakFile: PakFile FullDirectoryIndexSize=148
[2023.01.15-13.10.55:414][  0]LogShaderLibrary: Display: ShaderCodeLibraryPakFileMountedCallback: PakFile 'C:/Program Files/Epic Games/UE_4.27/FeaturePacks/TP_TwinStickBP.upack' (chunk index -1, root 'root:/') mounted
[2023.01.15-13.10.55:414][  0]LogShaderLibrary: Display: ShaderCodeLibraryPakFileMountedCallback: pending pak file info (ChunkID:-1 Root:root:/ File:C:/Program Files/Epic Games/UE_4.27/FeaturePacks/TP_TwinStickBP.upack)
[2023.01.15-13.10.55:414][  0]LogPakFile: OnPakFileMounted2Time == 0.000042
[2023.01.15-13.10.55:415][  0]LogPakFile: PakFile PrimaryIndexSize=183
[2023.01.15-13.10.55:415][  0]LogPakFile: PakFile PathHashIndexSize=101
[2023.01.15-13.10.55:415][  0]LogPakFile: PakFile FullDirectoryIndexSize=140
[2023.01.15-13.10.55:415][  0]LogShaderLibrary: Display: ShaderCodeLibraryPakFileMountedCallback: PakFile 'C:/Program Files/Epic Games/UE_4.27/FeaturePacks/TP_Vehicle.upack' (chunk index -1, root 'root:/') mounted
[2023.01.15-13.10.55:415][  0]LogShaderLibrary: Display: ShaderCodeLibraryPakFileMountedCallback: pending pak file info (ChunkID:-1 Root:root:/ File:C:/Program Files/Epic Games/UE_4.27/FeaturePacks/TP_Vehicle.upack)
[2023.01.15-13.10.55:415][  0]LogPakFile: OnPakFileMounted2Time == 0.000042
[2023.01.15-13.10.55:416][  0]LogPakFile: PakFile PrimaryIndexSize=186
[2023.01.15-13.10.55:416][  0]LogPakFile: PakFile PathHashIndexSize=101
[2023.01.15-13.10.55:416][  0]LogPakFile: PakFile FullDirectoryIndexSize=146
[2023.01.15-13.10.55:416][  0]LogShaderLibrary: Display: ShaderCodeLibraryPakFileMountedCallback: PakFile 'C:/Program Files/Epic Games/UE_4.27/FeaturePacks/TP_VehicleAdv.upack' (chunk index -1, root 'root:/') mounted
[2023.01.15-13.10.55:416][  0]LogShaderLibrary: Display: ShaderCodeLibraryPakFileMountedCallback: pending pak file info (ChunkID:-1 Root:root:/ File:C:/Program Files/Epic Games/UE_4.27/FeaturePacks/TP_VehicleAdv.upack)
[2023.01.15-13.10.55:416][  0]LogPakFile: OnPakFileMounted2Time == 0.000043
[2023.01.15-13.10.55:416][  0]LogPakFile: PakFile PrimaryIndexSize=188
[2023.01.15-13.10.55:417][  0]LogPakFile: PakFile PathHashIndexSize=101
[2023.01.15-13.10.55:417][  0]LogPakFile: PakFile FullDirectoryIndexSize=150
[2023.01.15-13.10.55:417][  0]LogShaderLibrary: Display: ShaderCodeLibraryPakFileMountedCallback: PakFile 'C:/Program Files/Epic Games/UE_4.27/FeaturePacks/TP_VehicleAdvBP.upack' (chunk index -1, root 'root:/') mounted
[2023.01.15-13.10.55:417][  0]LogShaderLibrary: Display: ShaderCodeLibraryPakFileMountedCallback: pending pak file info (ChunkID:-1 Root:root:/ File:C:/Program Files/Epic Games/UE_4.27/FeaturePacks/TP_VehicleAdvBP.upack)
[2023.01.15-13.10.55:417][  0]LogPakFile: OnPakFileMounted2Time == 0.000037
[2023.01.15-13.10.55:417][  0]LogPakFile: PakFile PrimaryIndexSize=185
[2023.01.15-13.10.55:417][  0]LogPakFile: PakFile PathHashIndexSize=101
[2023.01.15-13.10.55:417][  0]LogPakFile: PakFile FullDirectoryIndexSize=144
[2023.01.15-13.10.55:417][  0]LogShaderLibrary: Display: ShaderCodeLibraryPakFileMountedCallback: PakFile 'C:/Program Files/Epic Games/UE_4.27/FeaturePacks/TP_VehicleBP.upack' (chunk index -1, root 'root:/') mounted
[2023.01.15-13.10.55:417][  0]LogShaderLibrary: Display: ShaderCodeLibraryPakFileMountedCallback: pending pak file info (ChunkID:-1 Root:root:/ File:C:/Program Files/Epic Games/UE_4.27/FeaturePacks/TP_VehicleBP.upack)
[2023.01.15-13.10.55:417][  0]LogPakFile: OnPakFileMounted2Time == 0.000040
[2023.01.15-13.10.55:418][  0]LogPakFile: PakFile PrimaryIndexSize=192
[2023.01.15-13.10.55:418][  0]LogPakFile: PakFile PathHashIndexSize=101
[2023.01.15-13.10.55:418][  0]LogPakFile: PakFile FullDirectoryIndexSize=158
[2023.01.15-13.10.55:418][  0]LogShaderLibrary: Display: ShaderCodeLibraryPakFileMountedCallback: PakFile 'C:/Program Files/Epic Games/UE_4.27/FeaturePacks/TP_VirtualRealityBP.upack' (chunk index -1, root 'root:/') mounted
[2023.01.15-13.10.55:418][  0]LogShaderLibrary: Display: ShaderCodeLibraryPakFileMountedCallback: pending pak file info (ChunkID:-1 Root:root:/ File:C:/Program Files/Epic Games/UE_4.27/FeaturePacks/TP_VirtualRealityBP.upack)
[2023.01.15-13.10.55:418][  0]LogPakFile: OnPakFileMounted2Time == 0.000041
[2023.01.15-13.10.55:474][  0]LogNativeClassHierarchy: Verbose: Native class hierarchy updated for 'AddContentDialog' in 0.0005 seconds. Added 0 classes and 0 folders.
[2023.01.15-13.10.55:479][  0]LogNativeClassHierarchy: Verbose: Native class hierarchy updated for 'SceneOutliner' in 0.0004 seconds. Added 2 classes and 0 folders.
[2023.01.15-13.10.55:563][  0]LogSlate: Took 0.000327 seconds to synchronously load lazily loaded font '../../../Engine/Content/Slate/Fonts/Roboto-Regular.ttf' (155K)
[2023.01.15-13.10.55:564][  0]LogSlate: Took 0.000929 seconds to synchronously load lazily loaded font '../../../Engine/Content/Editor/Slate/Fonts/FontAwesome.ttf' (139K)
[2023.01.15-13.10.55:566][  0]LogSlate: Took 0.000212 seconds to synchronously load lazily loaded font '../../../Engine/Content/Slate/Fonts/Roboto-Bold.ttf' (160K)
[2023.01.15-13.10.55:652][  0]LogRenderer: Reallocating scene render targets to support 940x432 Format 10 NumSamples 1 (Frame:1).
[2023.01.15-13.10.55:891][  0]LogNativeClassHierarchy: Verbose: Native class hierarchy updated for 'HierarchicalLODOutliner' in 0.0003 seconds. Added 0 classes and 0 folders.
[2023.01.15-13.10.55:892][  0]LogLoad: (Engine Initialization) Total time: 7.66 seconds
[2023.01.15-13.10.55:892][  0]LogLoad: (Engine Initialization) Total Blueprint compile time: 0.00 seconds
[2023.01.15-13.10.55:933][  0]LogAssetRegistry: Asset discovery search completed in 4.4800 seconds
[2023.01.15-13.10.55:939][  0]LogCollectionManager: Fixed up redirectors for 0 collections in 0.000003 seconds (updated 0 objects)
[2023.01.15-13.10.55:941][  0]LogContentStreaming: Texture pool size now 1000 MB
[2023.01.15-13.11.04:869][ 14]LogContentBrowser: Deferred new asset folder creation: NewFolder
[2023.01.15-13.11.04:877][ 14]LogContentBrowser: Creating deferred item: NewFolder
[2023.01.15-13.11.04:889][ 14]LogSlate: Took 0.000287 seconds to synchronously load lazily loaded font '../../../Engine/Content/Slate/Fonts/Roboto-Light.ttf' (167K)
[2023.01.15-13.11.07:900][376]LogContentBrowser: Attempting asset rename: NewFolder -> Ressources
[2023.01.15-13.11.07:901][376]LogContentBrowser: End creating deferred item NewFolder
[2023.01.15-13.11.16:395][358]LogSlate: Window 'Color Picker' being destroyed
[2023.01.15-13.11.20:575][843]LogContentBrowser: Deferred new asset folder creation: NewFolder
[2023.01.15-13.11.20:587][843]LogContentBrowser: Creating deferred item: NewFolder
[2023.01.15-13.11.22:823][112]LogContentBrowser: Attempting asset rename: NewFolder -> Assets
[2023.01.15-13.11.22:824][112]LogContentBrowser: End creating deferred item NewFolder
[2023.01.15-13.11.26:986][583]LogContentBrowser: Deferred new asset folder creation: NewFolder
[2023.01.15-13.11.26:995][583]LogContentBrowser: Creating deferred item: NewFolder
[2023.01.15-13.11.32:502][239]LogContentBrowser: Attempting asset rename: NewFolder -> Sounds
[2023.01.15-13.11.32:502][239]LogContentBrowser: End creating deferred item NewFolder
[2023.01.15-13.11.35:333][563]LogContentBrowser: Deferred new asset folder creation: NewFolder
[2023.01.15-13.11.35:343][563]LogContentBrowser: Creating deferred item: NewFolder
[2023.01.15-13.11.44:654][678]LogContentBrowser: Attempting asset rename: NewFolder -> SoundEffects
[2023.01.15-13.11.44:654][678]LogContentBrowser: End creating deferred item NewFolder
[2023.01.15-13.11.47:052][954]LogContentBrowser: Deferred new asset folder creation: NewFolder
[2023.01.15-13.11.47:059][954]LogContentBrowser: Creating deferred item: NewFolder
[2023.01.15-13.11.51:038][427]LogContentBrowser: Attempting asset rename: NewFolder -> Musics
[2023.01.15-13.11.51:038][427]LogContentBrowser: End creating deferred item NewFolder
[2023.01.15-13.12.02:008][727]LogContentBrowser: Deferred new asset folder creation: NewFolder
[2023.01.15-13.12.02:015][727]LogContentBrowser: Creating deferred item: NewFolder
[2023.01.15-13.12.06:365][248]LogContentBrowser: Attempting asset rename: NewFolder -> Blueprints
[2023.01.15-13.12.06:366][248]LogContentBrowser: End creating deferred item NewFolder
[2023.01.15-13.12.23:219][233]LogSlate: Window 'Color Picker' being destroyed
[2023.01.15-13.12.28:855][889]LogContentBrowser: Deferred new asset folder creation: NewFolder
[2023.01.15-13.12.28:865][889]LogContentBrowser: Creating deferred item: NewFolder
[2023.01.15-13.12.32:489][324]LogContentBrowser: Attempting asset rename: NewFolder -> Maps
[2023.01.15-13.12.32:490][324]LogContentBrowser: End creating deferred item NewFolder
[2023.01.15-13.12.44:420][721]LogSlate: Window 'Color Picker' being destroyed
[2023.01.15-13.13.10:564][802]LogContentBrowser: Deferred new asset folder creation: NewFolder
[2023.01.15-13.13.10:574][802]LogContentBrowser: Creating deferred item: NewFolder
[2023.01.15-13.13.12:175][994]LogContentBrowser: Attempting asset rename: NewFolder -> UI
[2023.01.15-13.13.12:176][994]LogContentBrowser: End creating deferred item NewFolder
